[2020-12-04 17:05:13.335] [info] Checking for update
[2020-12-04 17:05:15.555] [info] Generated new staging user ID: e172b51f-f8c4-51a3-8915-be660669fd81
[2020-12-04 17:05:17.856] [info] Update for version 1.0.0 is not available (latest version: 1.0.0, downgrade is disallowed).
[2020-12-04 17:05:17.857] [error] Error: ReferenceError: alert is not defined
    at NsisUpdater.<anonymous> (C:\Users\WebDev\WebstormProjects\LOG-SYSTEM\main.js:47:9)
    at NsisUpdater.emit (events.js:315:20)
    at NsisUpdater.doCheckForUpdates (C:\Users\WebDev\WebstormProjects\LOG-SYSTEM\node_modules\electron-updater\out\AppUpdater.js:522:12)
    at processTicksAndRejections (internal/process/task_queues.js:97:5)
[2020-12-04 17:06:33.002] [info] Checking for update
[2020-12-04 17:06:36.254] [info] Update for version 1.0.0 is not available (latest version: 1.0.0, downgrade is disallowed).
[2020-12-04 17:08:17.726] [info] Checking for update
[2020-12-04 17:08:18.965] [info] Update for version 1.0.1 is not available (latest version: 1.0.1, downgrade is disallowed).
[2020-12-04 17:08:35.154] [info] Checking for update
[2020-12-04 17:08:38.340] [info] Found version 1.0.1 (url: LOG-SYSTEM-Setup-1.0.1.exe)
[2020-12-04 17:08:38.342] [error] Error: ReferenceError: alert is not defined
    at NsisUpdater.<anonymous> (C:\Users\WebDev\WebstormProjects\LOG-SYSTEM\main.js:43:9)
    at NsisUpdater.emit (events.js:315:20)
    at NsisUpdater.onUpdateAvailable (C:\Users\WebDev\WebstormProjects\LOG-SYSTEM\node_modules\electron-updater\out\AppUpdater.js:544:10)
    at NsisUpdater.doCheckForUpdates (C:\Users\WebDev\WebstormProjects\LOG-SYSTEM\node_modules\electron-updater\out\AppUpdater.js:530:10)
    at processTicksAndRejections (internal/process/task_queues.js:97:5)
[2020-12-04 17:09:03.283] [info] Checking for update
[2020-12-04 17:09:06.514] [info] Found version 1.0.1 (url: LOG-SYSTEM-Setup-1.0.1.exe)
[2020-12-04 17:09:06.516] [info] Downloading update from LOG-SYSTEM-Setup-1.0.1.exe
[2020-12-04 17:09:06.519] [error] Error: Error: ENOENT: no such file or directory, open 'C:\Users\WebDev\WebstormProjects\LOG-SYSTEM\dev-app-update.yml'
[2020-12-04 17:11:06.600] [info] Checking for update
[2020-12-04 17:11:09.874] [info] Found version 1.0.1 (url: LOG-SYSTEM-Setup-1.0.1.exe)
[2020-12-04 17:11:09.878] [info] Downloading update from LOG-SYSTEM-Setup-1.0.1.exe
[2020-12-04 17:11:09.885] [error] updaterCacheDirName is not specified in app-update.yml Was app build using at least electron-builder 20.34.0?
[2020-12-04 17:11:09.929] [info] Download block maps (old: "http://localhost:98/dist/LOG-SYSTEM-Setup-1.0.0.exe.blockmap", new: http://localhost:98/dist/LOG-SYSTEM-Setup-1.0.1.exe.blockmap)
[2020-12-04 17:11:09.939] [error] Cannot download differentially, fallback to full download: Error: Cannot download "http://localhost/dist/LOG-SYSTEM-Setup-1.0.0.exe.blockmap", status 404: Not Found
    at ClientRequest.<anonymous> (C:\Users\WebDev\WebstormProjects\LOG-SYSTEM\node_modules\builder-util-runtime\out\httpExecutor.js:280:26)
    at ClientRequest.emit (events.js:315:20)
    at SimpleURLLoaderWrapper.<anonymous> (electron/js2c/browser_init.js:105:6254)
    at SimpleURLLoaderWrapper.emit (events.js:315:20)
[2020-12-04 17:11:09.945] [error] Error: Error: Cannot download "http://localhost/dist/LOG-SYSTEM-Setup-1.0.1.exe", status 404: Not Found
    at ClientRequest.<anonymous> (C:\Users\WebDev\WebstormProjects\LOG-SYSTEM\node_modules\builder-util-runtime\out\httpExecutor.js:280:26)
    at ClientRequest.emit (events.js:315:20)
    at SimpleURLLoaderWrapper.<anonymous> (electron/js2c/browser_init.js:105:6254)
    at SimpleURLLoaderWrapper.emit (events.js:315:20)
[2020-12-04 17:12:20.179] [info] Checking for update
[2020-12-04 17:12:21.366] [info] Found version 1.0.1 (url: LOG-SYSTEM-Setup-1.0.1.exe)
[2020-12-04 17:12:21.367] [info] Downloading update from LOG-SYSTEM-Setup-1.0.1.exe
[2020-12-04 17:12:21.370] [error] updaterCacheDirName is not specified in app-update.yml Was app build using at least electron-builder 20.34.0?
[2020-12-04 17:12:21.376] [info] Download block maps (old: "http://10.0.0.252:98/dist/LOG-SYSTEM-Setup-1.0.0.exe.blockmap", new: http://10.0.0.252:98/dist/LOG-SYSTEM-Setup-1.0.1.exe.blockmap)
[2020-12-04 17:12:21.380] [error] Cannot download differentially, fallback to full download: Error: Cannot download "http://10.0.0.252/dist/LOG-SYSTEM-Setup-1.0.0.exe.blockmap", status 404: Not Found
    at ClientRequest.<anonymous> (C:\Users\WebDev\WebstormProjects\LOG-SYSTEM\node_modules\builder-util-runtime\out\httpExecutor.js:280:26)
    at ClientRequest.emit (events.js:315:20)
    at SimpleURLLoaderWrapper.<anonymous> (electron/js2c/browser_init.js:105:6254)
    at SimpleURLLoaderWrapper.emit (events.js:315:20)
[2020-12-04 17:12:21.385] [error] Error: Error: Cannot download "http://10.0.0.252/dist/LOG-SYSTEM-Setup-1.0.1.exe", status 404: Not Found
    at ClientRequest.<anonymous> (C:\Users\WebDev\WebstormProjects\LOG-SYSTEM\node_modules\builder-util-runtime\out\httpExecutor.js:280:26)
    at ClientRequest.emit (events.js:315:20)
    at SimpleURLLoaderWrapper.<anonymous> (electron/js2c/browser_init.js:105:6254)
    at SimpleURLLoaderWrapper.emit (events.js:315:20)
[2020-12-04 17:37:13.679] [info] Checking for update
[2020-12-04 17:37:16.882] [info] Update for version 1.0.0 is not available (latest version: 1.0.0, downgrade is disallowed).
[2020-12-04 17:37:48.225] [info] Checking for update
[2020-12-04 17:37:51.496] [info] Update for version 1.0.1 is not available (latest version: 1.0.0, downgrade is disallowed).
[2020-12-04 17:39:14.426] [info] Checking for update
[2020-12-04 17:39:17.692] [info] Update for version 1.0.1 is not available (latest version: 1.0.1, downgrade is disallowed).
[2020-12-04 17:39:36.898] [info] Checking for update
[2020-12-04 17:39:40.129] [info] Found version 1.0.1 (url: LOG-SYSTEM-Setup-1.0.1.exe)
[2020-12-04 17:39:40.136] [info] Downloading update from LOG-SYSTEM-Setup-1.0.1.exe
[2020-12-04 17:39:40.140] [error] updaterCacheDirName is not specified in app-update.yml Was app build using at least electron-builder 20.34.0?
[2020-12-04 17:39:40.153] [info] Download block maps (old: "http://10.0.0.252:98/dist/LOG-SYSTEM-Setup-1.0.0.exe.blockmap", new: http://10.0.0.252:98/dist/LOG-SYSTEM-Setup-1.0.1.exe.blockmap)
[2020-12-04 17:39:40.284] [info] File has 38 changed blocks
[2020-12-04 17:39:40.697] [info] Full: 55,403.32 KB, To download: 741.06 KB (1%)
[2020-12-04 17:39:40.701] [error] Cannot download differentially, fallback to full download: Error: ENOENT: no such file or directory, open 'C:\Users\WebDev\AppData\Local\LOG-SYSTEM\installer.exe'
[2020-12-04 17:39:41.007] [info] New version 1.0.1 has been downloaded to C:\Users\WebDev\AppData\Local\LOG-SYSTEM\pending\LOG-SYSTEM-Setup-1.0.1.exe
[2020-12-04 17:39:41.025] [info] Install on explicit quitAndInstall
[2020-12-04 17:39:41.027] [info] Install: isSilent: false, isForceRunAfter: true
[2020-12-04 17:39:42.718] [info] Update installer has already been triggered. Quitting application.
[2020-12-04 17:46:49.417] [info] Checking for update
[2020-12-04 17:46:50.842] [info] Found version 1.0.1 (url: LOG-SYSTEM-Setup-1.0.1.exe)
[2020-12-04 17:46:50.873] [info] Downloading update from LOG-SYSTEM-Setup-1.0.1.exe
[2020-12-04 17:46:50.922] [error] updaterCacheDirName is not specified in app-update.yml Was app build using at least electron-builder 20.34.0?
[2020-12-04 17:46:51.223] [info] Update has already been downloaded to C:\Users\WebDev\AppData\Local\LOG-SYSTEM\pending\LOG-SYSTEM-Setup-1.0.1.exe).
[2020-12-04 17:46:51.224] [info] Install on explicit quitAndInstall
[2020-12-04 17:46:51.232] [info] Install: isSilent: false, isForceRunAfter: true
[2020-12-04 17:46:52.117] [info] Update installer has already been triggered. Quitting application.
[2020-12-04 17:47:18.027] [info] Checking for update
[2020-12-04 17:47:19.703] [info] Found version 1.0.1 (url: LOG-SYSTEM-Setup-1.0.1.exe)
[2020-12-04 17:47:19.710] [info] Downloading update from LOG-SYSTEM-Setup-1.0.1.exe
[2020-12-04 17:47:19.749] [error] updaterCacheDirName is not specified in app-update.yml Was app build using at least electron-builder 20.34.0?
[2020-12-04 17:47:20.184] [info] Update has already been downloaded to C:\Users\WebDev\AppData\Local\LOG-SYSTEM\pending\LOG-SYSTEM-Setup-1.0.1.exe).
[2020-12-04 17:48:14.968] [info] Checking for update
[2020-12-04 17:48:16.109] [info] Found version 1.0.1 (url: LOG-SYSTEM-Setup-1.0.1.exe)
[2020-12-04 17:48:16.116] [info] Downloading update from LOG-SYSTEM-Setup-1.0.1.exe
[2020-12-04 17:48:16.122] [error] updaterCacheDirName is not specified in app-update.yml Was app build using at least electron-builder 20.34.0?
[2020-12-04 17:48:17.478] [info] Update has already been downloaded to C:\Users\WebDev\AppData\Local\LOG-SYSTEM\pending\LOG-SYSTEM-Setup-1.0.1.exe).
[2020-12-04 17:49:53.241] [info] Checking for update
[2020-12-04 17:49:54.378] [info] Found version 1.0.1 (url: LOG-SYSTEM-Setup-1.0.1.exe)
[2020-12-04 17:49:54.384] [info] Downloading update from LOG-SYSTEM-Setup-1.0.1.exe
[2020-12-04 17:49:54.392] [error] updaterCacheDirName is not specified in app-update.yml Was app build using at least electron-builder 20.34.0?
[2020-12-04 17:49:54.880] [info] Update has already been downloaded to C:\Users\WebDev\AppData\Local\LOG-SYSTEM\pending\LOG-SYSTEM-Setup-1.0.1.exe).
[2020-12-04 17:52:10.924] [info] Checking for update
[2020-12-04 17:52:13.880] [info] Found version 1.0.1 (url: LOG-SYSTEM-Setup-1.0.1.exe)
[2020-12-04 17:52:13.889] [info] Downloading update from LOG-SYSTEM-Setup-1.0.1.exe
[2020-12-04 17:52:13.899] [error] updaterCacheDirName is not specified in app-update.yml Was app build using at least electron-builder 20.34.0?
[2020-12-04 17:52:14.107] [info] Update has already been downloaded to C:\Users\WebDev\AppData\Local\LOG-SYSTEM\pending\LOG-SYSTEM-Setup-1.0.1.exe).
[2020-12-04 17:52:23.989] [info] Auto install update on quit
[2020-12-04 17:52:23.996] [info] Install: isSilent: true, isForceRunAfter: false
[2020-12-04 17:59:21.851] [info] Checking for update
[2020-12-04 17:59:22.989] [info] Found version 1.0.1 (url: LOG-SYSTEM-Setup-1.0.1.exe)
[2020-12-04 17:59:22.994] [info] Downloading update from LOG-SYSTEM-Setup-1.0.1.exe
[2020-12-04 17:59:23.081] [error] updaterCacheDirName is not specified in app-update.yml Was app build using at least electron-builder 20.34.0?
[2020-12-04 17:59:23.280] [info] Update has already been downloaded to C:\Users\WebDev\AppData\Local\LOG-SYSTEM\pending\LOG-SYSTEM-Setup-1.0.1.exe).
[2020-12-04 17:59:23.281] [info] Install on explicit quitAndInstall
[2020-12-04 17:59:23.282] [info] Install: isSilent: false, isForceRunAfter: true
[2020-12-04 17:59:23.302] [info] Update installer has already been triggered. Quitting application.
[2020-12-04 18:01:40.691] [info] Checking for update
[2020-12-04 18:01:40.697] [error] Error: Error: Please check update first
    at NsisUpdater.downloadUpdate (C:\Users\WebDev\WebstormProjects\LOG-SYSTEM\node_modules\electron-updater\out\AppUpdater.js:556:21)
    at BrowserWindow.<anonymous> (C:\Users\WebDev\WebstormProjects\LOG-SYSTEM\main.js:37:31)
    at Object.onceWrapper (events.js:421:28)
    at BrowserWindow.emit (events.js:315:20)
    at electron/js2c/browser_init.js:157:11454
    at processTicksAndRejections (internal/process/task_queues.js:79:11)
[2020-12-04 18:01:41.936] [info] Found version 1.0.1 (url: LOG-SYSTEM-Setup-1.0.1.exe)
[2020-12-04 18:01:41.942] [info] Downloading update from LOG-SYSTEM-Setup-1.0.1.exe
[2020-12-04 18:01:41.950] [error] updaterCacheDirName is not specified in app-update.yml Was app build using at least electron-builder 20.34.0?
[2020-12-04 18:02:11.449] [info] Update has already been downloaded to C:\Users\WebDev\AppData\Local\LOG-SYSTEM\pending\LOG-SYSTEM-Setup-1.0.1.exe).
[2020-12-04 18:02:17.815] [info] Auto install update on quit
[2020-12-04 18:02:17.816] [info] Install: isSilent: true, isForceRunAfter: false
[2020-12-04 18:02:17.826] [info] Cannot run installer: error code: ENOENT, error message: "spawn C:\Users\WebDev\AppData\Local\LOG-SYSTEM\pending\LOG-SYSTEM-Setup-1.0.1.exe ENOENT", will be executed again using elevate if EACCES"
[2020-12-04 18:02:17.827] [error] Error: Error: spawn C:\Users\WebDev\AppData\Local\LOG-SYSTEM\pending\LOG-SYSTEM-Setup-1.0.1.exe ENOENT
    at Process.ChildProcess._handle.onexit (internal/child_process.js:267:19)
    at onErrorNT (internal/child_process.js:469:16)
    at processTicksAndRejections (internal/process/task_queues.js:84:21)
[2020-12-04 18:02:36.282] [info] Checking for update
[2020-12-04 18:02:37.644] [info] Found version 1.0.1 (url: LOG-SYSTEM-Setup-1.0.1.exe)
[2020-12-04 18:02:37.651] [info] Downloading update from LOG-SYSTEM-Setup-1.0.1.exe
[2020-12-04 18:02:37.658] [error] updaterCacheDirName is not specified in app-update.yml Was app build using at least electron-builder 20.34.0?
[2020-12-04 18:02:37.669] [info] Download block maps (old: "http://10.0.0.252:98/dist/LOG-SYSTEM-Setup-1.0.0.exe.blockmap", new: http://10.0.0.252:98/dist/LOG-SYSTEM-Setup-1.0.1.exe.blockmap)
[2020-12-04 18:02:37.724] [info] File has 38 changed blocks
[2020-12-04 18:02:37.739] [info] Full: 55,403.32 KB, To download: 741.06 KB (1%)
[2020-12-04 18:02:37.742] [error] Cannot download differentially, fallback to full download: Error: ENOENT: no such file or directory, open 'C:\Users\WebDev\AppData\Local\LOG-SYSTEM\installer.exe'
[2020-12-04 18:02:38.039] [info] New version 1.0.1 has been downloaded to C:\Users\WebDev\AppData\Local\LOG-SYSTEM\pending\LOG-SYSTEM-Setup-1.0.1.exe
[2020-12-05 11:39:41.017] [info] Auto install update on quit
[2020-12-05 11:39:43.050] [info] Install: isSilent: true, isForceRunAfter: false
[2020-12-05 11:39:47.210] [info] Cannot run installer: error code: ENOENT, error message: "spawn C:\Users\WebDev\AppData\Local\LOG-SYSTEM\pending\LOG-SYSTEM-Setup-1.0.1.exe ENOENT", will be executed again using elevate if EACCES"
[2020-12-05 11:39:47.508] [error] Error: Error: spawn C:\Users\WebDev\AppData\Local\LOG-SYSTEM\pending\LOG-SYSTEM-Setup-1.0.1.exe ENOENT
    at Process.ChildProcess._handle.onexit (internal/child_process.js:267:19)
    at onErrorNT (internal/child_process.js:469:16)
    at processTicksAndRejections (internal/process/task_queues.js:84:21)
[2020-12-05 17:47:43.584] [info] Checking for update
[2020-12-05 17:47:46.441] [info] Found version 1.0.1 (url: LOG-SYSTEM-Setup-1.0.1.exe)
[2020-12-05 17:47:46.447] [info] Downloading update from LOG-SYSTEM-Setup-1.0.1.exe
[2020-12-05 17:47:46.453] [error] updaterCacheDirName is not specified in app-update.yml Was app build using at least electron-builder 20.34.0?
[2020-12-05 17:47:46.596] [info] Download block maps (old: "http://10.0.0.252:98/dist/LOG-SYSTEM-Setup-1.0.0.exe.blockmap", new: http://10.0.0.252:98/dist/LOG-SYSTEM-Setup-1.0.1.exe.blockmap)
[2020-12-05 17:47:46.917] [info] File has 38 changed blocks
[2020-12-05 17:47:47.580] [info] Full: 55,403.32 KB, To download: 741.06 KB (1%)
[2020-12-05 17:47:47.584] [error] Cannot download differentially, fallback to full download: Error: ENOENT: no such file or directory, open 'C:\Users\WebDev\AppData\Local\LOG-SYSTEM\installer.exe'
[2020-12-05 17:48:16.944] [info] New version 1.0.1 has been downloaded to C:\Users\WebDev\AppData\Local\LOG-SYSTEM\pending\LOG-SYSTEM-Setup-1.0.1.exe
[2020-12-05 17:49:58.636] [info] Checking for update
[2020-12-05 17:49:59.777] [info] Update for version 1.0.1 is not available (latest version: 1.0.1, downgrade is disallowed).
[2020-12-05 20:31:35.705] [info] Checking for update
[2020-12-05 20:31:38.984] [info] Update for version 1.0.1 is not available (latest version: 1.0.1, downgrade is disallowed).
[2020-12-05 20:54:23.323] [info] Checking for update
[2020-12-05 20:54:24.697] [info] Update for version 1.0.1 is not available (latest version: 1.0.1, downgrade is disallowed).
[2020-12-05 20:58:55.729] [info] Checking for update
[2020-12-05 20:58:56.867] [info] Update for version 1.0.1 is not available (latest version: 1.0.1, downgrade is disallowed).
[2020-12-05 21:44:42.789] [info] Checking for update
[2020-12-05 21:44:45.312] [error] Error: Error: Unable to find latest version on GitHub (https://api.github.com/repos/markgwaps04/ICT_LOGS/releases/latest), please ensure a production release exists: HttpError: 404 Not Found
"method: GET url: https://api.github.com/repos/markgwaps04/ICT_LOGS/releases/latest\n\nPlease double check that your authentication token is correct. Due to security reasons actual status maybe not reported, but 404.\n"
Headers: {
  "date": "Sat, 05 Dec 2020 13:44:48 GMT",
  "content-type": "application/json; charset=utf-8",
  "transfer-encoding": "chunked",
  "server": "GitHub.com",
  "status": "404 Not Found",
  "x-oauth-scopes": "delete_repo, repo",
  "x-accepted-oauth-scopes": "repo",
  "x-github-media-type": "github.v3; format=json",
  "x-ratelimit-limit": "5000",
  "x-ratelimit-remaining": "4975",
  "x-ratelimit-reset": "1607175987",
  "x-ratelimit-used": "25",
  "access-control-expose-headers": "ETag, Link, Location, Retry-After, X-GitHub-OTP, X-RateLimit-Limit, X-RateLimit-Remaining, X-RateLimit-Used, X-RateLimit-Reset, X-OAuth-Scopes, X-Accepted-OAuth-Scopes, X-Poll-Interval, X-GitHub-Media-Type, Deprecation, Sunset",
  "access-control-allow-origin": "*",
  "strict-transport-security": "max-age=31536000; includeSubdomains; preload",
  "x-frame-options": "deny",
  "x-content-type-options": "nosniff",
  "x-xss-protection": "1; mode=block",
  "referrer-policy": "origin-when-cross-origin, strict-origin-when-cross-origin",
  "content-security-policy": "default-src 'none'",
  "vary": "Accept-Encoding, Accept, X-Requested-With",
  "content-encoding": "gzip",
  "x-github-request-id": "5D8D:4F3D:33DC6:47C6C:5FCB8ECF"
}
    at createHttpError (C:\Users\WebDev\WebstormProjects\LOG-SYSTEM\node_modules\builder-util-runtime\out\httpExecutor.js:84:10)
    at ElectronHttpExecutor.handleResponse (C:\Users\WebDev\WebstormProjects\LOG-SYSTEM\node_modules\builder-util-runtime\out\httpExecutor.js:169:14)
    at ClientRequest.<anonymous> (C:\Users\WebDev\WebstormProjects\LOG-SYSTEM\node_modules\builder-util-runtime\out\httpExecutor.js:134:16)
    at ClientRequest.emit (events.js:315:20)
    at SimpleURLLoaderWrapper.<anonymous> (electron/js2c/browser_init.js:105:6254)
    at SimpleURLLoaderWrapper.emit (events.js:315:20)
    at newError (C:\Users\WebDev\WebstormProjects\LOG-SYSTEM\node_modules\builder-util-runtime\out\index.js:212:17)
    at PrivateGitHubProvider.getLatestVersionInfo (C:\Users\WebDev\WebstormProjects\LOG-SYSTEM\node_modules\electron-updater\out\providers\PrivateGitHubProvider.js:146:48)
    at async PrivateGitHubProvider.getLatestVersion (C:\Users\WebDev\WebstormProjects\LOG-SYSTEM\node_modules\electron-updater\out\providers\PrivateGitHubProvider.js:90:25)
    at async NsisUpdater.getUpdateInfoAndProvider (C:\Users\WebDev\WebstormProjects\LOG-SYSTEM\node_modules\electron-updater\out\AppUpdater.js:500:13)
    at async NsisUpdater.doCheckForUpdates (C:\Users\WebDev\WebstormProjects\LOG-SYSTEM\node_modules\electron-updater\out\AppUpdater.js:516:20)
[2020-12-05 21:45:36.999] [info] Checking for update
[2020-12-05 21:45:38.993] [error] Error: Error: Unable to find latest version on GitHub (https://api.github.com/repos/markgwaps04/ICT_LOGS/releases/latest), please ensure a production release exists: HttpError: 404 Not Found
"method: GET url: https://api.github.com/repos/markgwaps04/ICT_LOGS/releases/latest\n\nPlease double check that your authentication token is correct. Due to security reasons actual status maybe not reported, but 404.\n"
Headers: {
  "date": "Sat, 05 Dec 2020 13:45:41 GMT",
  "content-type": "application/json; charset=utf-8",
  "transfer-encoding": "chunked",
  "server": "GitHub.com",
  "status": "404 Not Found",
  "x-oauth-scopes": "delete_repo, repo",
  "x-accepted-oauth-scopes": "repo",
  "x-github-media-type": "github.v3; format=json",
  "x-ratelimit-limit": "5000",
  "x-ratelimit-remaining": "4974",
  "x-ratelimit-reset": "1607175987",
  "x-ratelimit-used": "26",
  "access-control-expose-headers": "ETag, Link, Location, Retry-After, X-GitHub-OTP, X-RateLimit-Limit, X-RateLimit-Remaining, X-RateLimit-Used, X-RateLimit-Reset, X-OAuth-Scopes, X-Accepted-OAuth-Scopes, X-Poll-Interval, X-GitHub-Media-Type, Deprecation, Sunset",
  "access-control-allow-origin": "*",
  "strict-transport-security": "max-age=31536000; includeSubdomains; preload",
  "x-frame-options": "deny",
  "x-content-type-options": "nosniff",
  "x-xss-protection": "1; mode=block",
  "referrer-policy": "origin-when-cross-origin, strict-origin-when-cross-origin",
  "content-security-policy": "default-src 'none'",
  "vary": "Accept-Encoding, Accept, X-Requested-With",
  "content-encoding": "gzip",
  "x-github-request-id": "2B02:90F0:8BEB50:AF7DF8:5FCB8F05"
}
    at createHttpError (C:\Users\WebDev\WebstormProjects\LOG-SYSTEM\node_modules\builder-util-runtime\out\httpExecutor.js:84:10)
    at ElectronHttpExecutor.handleResponse (C:\Users\WebDev\WebstormProjects\LOG-SYSTEM\node_modules\builder-util-runtime\out\httpExecutor.js:169:14)
    at ClientRequest.<anonymous> (C:\Users\WebDev\WebstormProjects\LOG-SYSTEM\node_modules\builder-util-runtime\out\httpExecutor.js:134:16)
    at ClientRequest.emit (events.js:315:20)
    at SimpleURLLoaderWrapper.<anonymous> (electron/js2c/browser_init.js:105:6254)
    at SimpleURLLoaderWrapper.emit (events.js:315:20)
    at newError (C:\Users\WebDev\WebstormProjects\LOG-SYSTEM\node_modules\builder-util-runtime\out\index.js:212:17)
    at PrivateGitHubProvider.getLatestVersionInfo (C:\Users\WebDev\WebstormProjects\LOG-SYSTEM\node_modules\electron-updater\out\providers\PrivateGitHubProvider.js:146:48)
    at async PrivateGitHubProvider.getLatestVersion (C:\Users\WebDev\WebstormProjects\LOG-SYSTEM\node_modules\electron-updater\out\providers\PrivateGitHubProvider.js:90:25)
    at async NsisUpdater.getUpdateInfoAndProvider (C:\Users\WebDev\WebstormProjects\LOG-SYSTEM\node_modules\electron-updater\out\AppUpdater.js:500:13)
    at async NsisUpdater.doCheckForUpdates (C:\Users\WebDev\WebstormProjects\LOG-SYSTEM\node_modules\electron-updater\out\AppUpdater.js:516:20)
[2020-12-05 21:47:09.292] [info] Checking for update
[2020-12-05 21:47:11.325] [error] Error: Error: Unable to find latest version on GitHub (https://api.github.com/repos/markgwaps04/ICT_LOGS/releases/latest), please ensure a production release exists: HttpError: 404 Not Found
"method: GET url: https://api.github.com/repos/markgwaps04/ICT_LOGS/releases/latest\n\nPlease double check that your authentication token is correct. Due to security reasons actual status maybe not reported, but 404.\n"
Headers: {
  "date": "Sat, 05 Dec 2020 13:47:14 GMT",
  "content-type": "application/json; charset=utf-8",
  "transfer-encoding": "chunked",
  "server": "GitHub.com",
  "status": "404 Not Found",
  "x-oauth-scopes": "delete_repo, repo",
  "x-accepted-oauth-scopes": "repo",
  "x-github-media-type": "github.v3; format=json",
  "x-ratelimit-limit": "5000",
  "x-ratelimit-remaining": "4999",
  "x-ratelimit-reset": "1607179634",
  "x-ratelimit-used": "1",
  "access-control-expose-headers": "ETag, Link, Location, Retry-After, X-GitHub-OTP, X-RateLimit-Limit, X-RateLimit-Remaining, X-RateLimit-Used, X-RateLimit-Reset, X-OAuth-Scopes, X-Accepted-OAuth-Scopes, X-Poll-Interval, X-GitHub-Media-Type, Deprecation, Sunset",
  "access-control-allow-origin": "*",
  "strict-transport-security": "max-age=31536000; includeSubdomains; preload",
  "x-frame-options": "deny",
  "x-content-type-options": "nosniff",
  "x-xss-protection": "1; mode=block",
  "referrer-policy": "origin-when-cross-origin, strict-origin-when-cross-origin",
  "content-security-policy": "default-src 'none'",
  "vary": "Accept-Encoding, Accept, X-Requested-With",
  "content-encoding": "gzip",
  "x-github-request-id": "377C:4F43:436020:5467B1:5FCB8F61"
}
    at createHttpError (C:\Users\WebDev\WebstormProjects\LOG-SYSTEM\node_modules\builder-util-runtime\out\httpExecutor.js:84:10)
    at ElectronHttpExecutor.handleResponse (C:\Users\WebDev\WebstormProjects\LOG-SYSTEM\node_modules\builder-util-runtime\out\httpExecutor.js:169:14)
    at ClientRequest.<anonymous> (C:\Users\WebDev\WebstormProjects\LOG-SYSTEM\node_modules\builder-util-runtime\out\httpExecutor.js:134:16)
    at ClientRequest.emit (events.js:315:20)
    at SimpleURLLoaderWrapper.<anonymous> (electron/js2c/browser_init.js:105:6254)
    at SimpleURLLoaderWrapper.emit (events.js:315:20)
    at newError (C:\Users\WebDev\WebstormProjects\LOG-SYSTEM\node_modules\builder-util-runtime\out\index.js:212:17)
    at PrivateGitHubProvider.getLatestVersionInfo (C:\Users\WebDev\WebstormProjects\LOG-SYSTEM\node_modules\electron-updater\out\providers\PrivateGitHubProvider.js:146:48)
    at async PrivateGitHubProvider.getLatestVersion (C:\Users\WebDev\WebstormProjects\LOG-SYSTEM\node_modules\electron-updater\out\providers\PrivateGitHubProvider.js:90:25)
    at async NsisUpdater.getUpdateInfoAndProvider (C:\Users\WebDev\WebstormProjects\LOG-SYSTEM\node_modules\electron-updater\out\AppUpdater.js:500:13)
    at async NsisUpdater.doCheckForUpdates (C:\Users\WebDev\WebstormProjects\LOG-SYSTEM\node_modules\electron-updater\out\AppUpdater.js:516:20)
[2020-12-05 21:47:36.716] [info] Checking for update
[2020-12-05 21:47:40.503] [info] Update for version 1.0.2 is not available (latest version: 1.0.2, downgrade is disallowed).
[2020-12-05 21:48:10.555] [info] Checking for update
[2020-12-05 21:48:14.203] [info] Found version 1.0.2 (url: LOG-SYSTEM-Setup-1.0.2.exe)
[2020-12-05 21:48:14.228] [info] Downloading update from LOG-SYSTEM-Setup-1.0.2.exe
[2020-12-05 21:48:14.312] [info] Download block maps (old: "https://api.github.com/repos/markgwaps04/electron-digos-logs/releases/assets/29189163.blockmap", new: https://api.github.com/repos/markgwaps04/electron-digos-logs/releases/assets/29189163.blockmap)
[2020-12-05 21:48:15.015] [error] Cannot download differentially, fallback to full download: Error: Maximum allowed size is 50 MB
    at Object.responseHandler (C:\Users\WebDev\WebstormProjects\LOG-SYSTEM\node_modules\builder-util-runtime\out\httpExecutor.js:241:26)
    at ClientRequest.<anonymous> (C:\Users\WebDev\WebstormProjects\LOG-SYSTEM\node_modules\builder-util-runtime\out\httpExecutor.js:303:17)
    at ClientRequest.emit (events.js:315:20)
    at SimpleURLLoaderWrapper.<anonymous> (electron/js2c/browser_init.js:105:6254)
    at SimpleURLLoaderWrapper.emit (events.js:315:20)
[2020-12-05 21:48:40.958] [info] New version 1.0.2 has been downloaded to C:\Users\WebDev\AppData\Local\electron-digos-logs\pending\update.exe
[2020-12-05 21:51:53.907] [info] Checking for update
[2020-12-05 21:51:57.657] [info] Found version 1.0.2 (url: LOG-SYSTEM-Setup-1.0.2.exe)
[2020-12-05 21:51:57.665] [info] Downloading update from LOG-SYSTEM-Setup-1.0.2.exe
[2020-12-05 21:51:57.869] [info] Update has already been downloaded to C:\Users\WebDev\AppData\Local\electron-digos-logs\pending\update.exe).
[2020-12-05 21:53:04.686] [info] Checking for update
[2020-12-05 21:53:08.296] [info] Found version 1.0.2 (url: LOG-SYSTEM-Setup-1.0.2.exe)
[2020-12-05 21:53:08.307] [info] Downloading update from LOG-SYSTEM-Setup-1.0.2.exe
[2020-12-05 21:53:08.538] [info] Update has already been downloaded to C:\Users\WebDev\AppData\Local\electron-digos-logs\pending\update.exe).
[2020-12-05 21:53:40.811] [info] Checking for update
[2020-12-05 21:53:44.418] [info] Found version 1.0.2 (url: LOG-SYSTEM-Setup-1.0.2.exe)
[2020-12-05 21:53:44.423] [info] Downloading update from LOG-SYSTEM-Setup-1.0.2.exe
[2020-12-05 21:53:44.434] [info] Download block maps (old: "https://api.github.com/repos/markgwaps04/electron-digos-logs/releases/assets/29189163.blockmap", new: https://api.github.com/repos/markgwaps04/electron-digos-logs/releases/assets/29189163.blockmap)
[2020-12-05 21:53:45.170] [error] Cannot download differentially, fallback to full download: Error: Maximum allowed size is 50 MB
    at Object.responseHandler (C:\Users\WebDev\WebstormProjects\LOG-SYSTEM\node_modules\builder-util-runtime\out\httpExecutor.js:241:26)
    at ClientRequest.<anonymous> (C:\Users\WebDev\WebstormProjects\LOG-SYSTEM\node_modules\builder-util-runtime\out\httpExecutor.js:303:17)
    at ClientRequest.emit (events.js:315:20)
    at SimpleURLLoaderWrapper.<anonymous> (electron/js2c/browser_init.js:105:6254)
    at SimpleURLLoaderWrapper.emit (events.js:315:20)
[2020-12-05 21:54:12.792] [info] New version 1.0.2 has been downloaded to C:\Users\WebDev\AppData\Local\electron-digos-logs\pending\update.exe
[2020-12-05 21:54:56.129] [info] Checking for update
[2020-12-05 21:55:00.039] [info] Found version 1.0.2 (url: LOG-SYSTEM-Setup-1.0.2.exe)
[2020-12-05 21:55:00.044] [info] Downloading update from LOG-SYSTEM-Setup-1.0.2.exe
[2020-12-05 21:55:00.069] [info] Download block maps (old: "https://api.github.com/repos/markgwaps04/electron-digos-logs/releases/assets/29189163.blockmap", new: https://api.github.com/repos/markgwaps04/electron-digos-logs/releases/assets/29189163.blockmap)
[2020-12-05 21:55:00.743] [error] Cannot download differentially, fallback to full download: Error: Maximum allowed size is 50 MB
    at Object.responseHandler (C:\Users\WebDev\WebstormProjects\LOG-SYSTEM\node_modules\builder-util-runtime\out\httpExecutor.js:241:26)
    at ClientRequest.<anonymous> (C:\Users\WebDev\WebstormProjects\LOG-SYSTEM\node_modules\builder-util-runtime\out\httpExecutor.js:303:17)
    at ClientRequest.emit (events.js:315:20)
    at SimpleURLLoaderWrapper.<anonymous> (electron/js2c/browser_init.js:105:6254)
    at SimpleURLLoaderWrapper.emit (events.js:315:20)
[2020-12-05 21:55:25.020] [info] New version 1.0.2 has been downloaded to C:\Users\WebDev\AppData\Local\electron-digos-logs\pending\update.exe
[2020-12-05 22:00:11.558] [info] Checking for update
[2020-12-05 22:00:15.350] [info] Found version 1.0.2 (url: LOG-SYSTEM-Setup-1.0.2.exe)
[2020-12-05 22:00:15.356] [info] Downloading update from LOG-SYSTEM-Setup-1.0.2.exe
[2020-12-05 22:00:15.565] [info] Update has already been downloaded to C:\Users\WebDev\AppData\Local\electron-digos-logs\pending\update.exe).
[2020-12-05 22:04:19.623] [info] Checking for update
[2020-12-05 22:04:23.311] [info] Found version 1.0.2 (url: LOG-SYSTEM-Setup-1.0.2.exe)
[2020-12-05 22:04:23.319] [info] Downloading update from LOG-SYSTEM-Setup-1.0.2.exe
[2020-12-05 22:04:23.532] [info] Update has already been downloaded to C:\Users\WebDev\AppData\Local\electron-digos-logs\pending\update.exe).
[2020-12-05 22:04:25.536] [info] Install on explicit quitAndInstall
[2020-12-05 22:04:25.538] [info] Install: isSilent: false, isForceRunAfter: true
[2020-12-05 22:04:26.662] [info] Update installer has already been triggered. Quitting application.
[2020-12-05 22:05:31.725] [info] Checking for update
[2020-12-05 22:05:35.540] [info] Found version 1.0.2 (url: LOG-SYSTEM-Setup-1.0.2.exe)
[2020-12-05 22:05:35.545] [info] Downloading update from LOG-SYSTEM-Setup-1.0.2.exe
[2020-12-05 22:05:35.751] [info] Update has already been downloaded to C:\Users\WebDev\AppData\Local\electron-digos-logs\pending\update.exe).
[2020-12-05 22:05:38.755] [info] Install on explicit quitAndInstall
[2020-12-05 22:05:38.756] [info] Install: isSilent: false, isForceRunAfter: true
[2020-12-05 22:05:38.780] [info] Update installer has already been triggered. Quitting application.
[2020-12-05 22:05:49.713] [info] Checking for update
[2020-12-05 22:05:53.398] [info] Found version 1.0.2 (url: LOG-SYSTEM-Setup-1.0.2.exe)
[2020-12-05 22:05:53.403] [info] Downloading update from LOG-SYSTEM-Setup-1.0.2.exe
[2020-12-05 22:05:53.617] [info] Update has already been downloaded to C:\Users\WebDev\AppData\Local\electron-digos-logs\pending\update.exe).
[2020-12-05 22:07:12.252] [info] Checking for update
[2020-12-05 22:07:15.925] [info] Found version 1.0.2 (url: LOG-SYSTEM-Setup-1.0.2.exe)
[2020-12-05 22:07:15.930] [info] Downloading update from LOG-SYSTEM-Setup-1.0.2.exe
[2020-12-05 22:07:16.148] [info] Update has already been downloaded to C:\Users\WebDev\AppData\Local\electron-digos-logs\pending\update.exe).
[2020-12-05 22:07:52.090] [info] Checking for update
[2020-12-05 22:07:55.732] [info] Found version 1.0.2 (url: LOG-SYSTEM-Setup-1.0.2.exe)
[2020-12-05 22:07:55.737] [info] Downloading update from LOG-SYSTEM-Setup-1.0.2.exe
[2020-12-05 22:07:55.943] [info] Update has already been downloaded to C:\Users\WebDev\AppData\Local\electron-digos-logs\pending\update.exe).
[2020-12-05 22:08:18.767] [info] Checking for update
[2020-12-05 22:08:22.340] [info] Found version 1.0.2 (url: LOG-SYSTEM-Setup-1.0.2.exe)
[2020-12-05 22:08:22.345] [info] Downloading update from LOG-SYSTEM-Setup-1.0.2.exe
[2020-12-05 22:08:22.554] [info] Update has already been downloaded to C:\Users\WebDev\AppData\Local\electron-digos-logs\pending\update.exe).
[2020-12-05 22:10:23.448] [info] Checking for update
[2020-12-05 22:10:27.077] [info] Found version 1.0.2 (url: LOG-SYSTEM-Setup-1.0.2.exe)
[2020-12-05 22:10:27.083] [info] Downloading update from LOG-SYSTEM-Setup-1.0.2.exe
[2020-12-05 22:10:27.308] [info] Update has already been downloaded to C:\Users\WebDev\AppData\Local\electron-digos-logs\pending\update.exe).
[2020-12-05 22:11:02.090] [info] Checking for update
[2020-12-05 22:11:05.568] [info] Found version 1.0.2 (url: LOG-SYSTEM-Setup-1.0.2.exe)
[2020-12-05 22:11:05.573] [info] Downloading update from LOG-SYSTEM-Setup-1.0.2.exe
[2020-12-05 22:11:05.778] [info] Update has already been downloaded to C:\Users\WebDev\AppData\Local\electron-digos-logs\pending\update.exe).
[2020-12-05 22:11:10.780] [info] Install on explicit quitAndInstall
[2020-12-05 22:11:10.782] [info] Install: isSilent: false, isForceRunAfter: true
[2020-12-05 22:11:10.822] [info] Update installer has already been triggered. Quitting application.
[2020-12-05 22:11:29.583] [info] Checking for update
[2020-12-05 22:11:33.189] [info] Found version 1.0.2 (url: LOG-SYSTEM-Setup-1.0.2.exe)
[2020-12-05 22:11:33.194] [info] Downloading update from LOG-SYSTEM-Setup-1.0.2.exe
[2020-12-05 22:11:33.408] [info] Update has already been downloaded to C:\Users\WebDev\AppData\Local\electron-digos-logs\pending\update.exe).
[2020-12-05 22:11:38.410] [info] Install on explicit quitAndInstall
[2020-12-05 22:11:38.412] [info] Install: isSilent: false, isForceRunAfter: true
[2020-12-05 22:11:38.439] [info] Update installer has already been triggered. Quitting application.
[2020-12-05 22:11:56.473] [info] Checking for update
[2020-12-05 22:12:00.118] [info] Found version 1.0.2 (url: LOG-SYSTEM-Setup-1.0.2.exe)
[2020-12-05 22:12:00.123] [info] Downloading update from LOG-SYSTEM-Setup-1.0.2.exe
[2020-12-05 22:12:00.343] [info] Update has already been downloaded to C:\Users\WebDev\AppData\Local\electron-digos-logs\pending\update.exe).
[2020-12-05 22:14:23.563] [info] Checking for update
[2020-12-05 22:14:27.203] [info] Found version 1.0.2 (url: LOG-SYSTEM-Setup-1.0.2.exe)
[2020-12-05 22:14:27.208] [info] Downloading update from LOG-SYSTEM-Setup-1.0.2.exe
[2020-12-05 22:14:27.417] [info] Update has already been downloaded to C:\Users\WebDev\AppData\Local\electron-digos-logs\pending\update.exe).
[2020-12-05 22:14:28.466] [info] Downloading update from LOG-SYSTEM-Setup-1.0.2.exe
[2020-12-05 22:15:05.480] [info] Checking for update
[2020-12-05 22:15:06.624] [info] Found version 1.0.2 (url: LOG-SYSTEM-Setup-1.0.2.exe)
[2020-12-05 22:15:06.630] [info] Downloading update from LOG-SYSTEM-Setup-1.0.2.exe
[2020-12-05 22:15:06.860] [info] Update has already been downloaded to C:\Users\WebDev\AppData\Local\electron-digos-logs\pending\LOG-SYSTEM-Setup-1.0.2.exe).
[2020-12-05 22:15:10.723] [info] Downloading update from LOG-SYSTEM-Setup-1.0.2.exe
[2020-12-05 22:15:10.912] [info] Update has already been downloaded to C:\Users\WebDev\AppData\Local\electron-digos-logs\pending\LOG-SYSTEM-Setup-1.0.2.exe).
[2020-12-05 22:16:00.841] [info] Checking for update
[2020-12-05 22:16:01.987] [info] Found version 1.0.2 (url: LOG-SYSTEM-Setup-1.0.2.exe)
[2020-12-05 22:16:01.994] [info] Downloading update from LOG-SYSTEM-Setup-1.0.2.exe
[2020-12-05 22:16:02.013] [error] updaterCacheDirName is not specified in app-update.yml Was app build using at least electron-builder 20.34.0?
[2020-12-05 22:16:02.073] [info] Cached update sha512 checksum doesn't match the latest available update. New update must be downloaded. Cached: K5IqOT0uJaai4q/7mt+vV1rlFzLqjjSp8J7bltBZUCSBTZS4asYA1Nj7UFia8SihCBCxaMs883GGyrheC458HA==, expected: PBkF29nmb8kFQQR/IKEphYV7InNe1gxdSpjCUVRmusCo/3N9R1MB6gztZGWCSE6aFdH4irfA9H7nt3H7BSg9/g==. Directory for cached update will be cleaned
[2020-12-05 22:16:02.079] [info] Download block maps (old: "http://10.0.0.252:98/dist/LOG-SYSTEM-Setup-1.0.0.exe.blockmap", new: http://10.0.0.252:98/dist/LOG-SYSTEM-Setup-1.0.2.exe.blockmap)
[2020-12-05 22:16:02.179] [info] File has 47 changed blocks
[2020-12-05 22:16:02.489] [info] Full: 55,643.55 KB, To download: 981.29 KB (2%)
[2020-12-05 22:16:02.497] [error] Cannot download differentially, fallback to full download: Error: ENOENT: no such file or directory, open 'C:\Users\WebDev\AppData\Local\LOG-SYSTEM\installer.exe'
[2020-12-05 22:16:02.819] [info] New version 1.0.2 has been downloaded to C:\Users\WebDev\AppData\Local\LOG-SYSTEM\pending\LOG-SYSTEM-Setup-1.0.2.exe
[2020-12-05 22:16:07.547] [info] Downloading update from LOG-SYSTEM-Setup-1.0.2.exe
[2020-12-05 22:16:54.148] [info] Checking for update
[2020-12-05 22:16:55.293] [info] Found version 1.0.2 (url: LOG-SYSTEM-Setup-1.0.2.exe)
[2020-12-05 22:16:55.299] [info] Downloading update from LOG-SYSTEM-Setup-1.0.2.exe
[2020-12-05 22:16:55.306] [error] updaterCacheDirName is not specified in app-update.yml Was app build using at least electron-builder 20.34.0?
[2020-12-05 22:16:55.514] [info] Update has already been downloaded to C:\Users\WebDev\AppData\Local\LOG-SYSTEM\pending\LOG-SYSTEM-Setup-1.0.2.exe).
[2020-12-05 22:16:59.811] [info] Downloading update from LOG-SYSTEM-Setup-1.0.2.exe
[2020-12-05 22:17:00.519] [info] Install on explicit quitAndInstall
[2020-12-05 22:17:00.520] [info] Install: isSilent: false, isForceRunAfter: true
[2020-12-05 22:17:01.443] [info] Update installer has already been triggered. Quitting application.
[2020-12-06 08:17:20.184] [info] Checking for update
[2020-12-06 08:17:26.292] [info] Found version 1.0.2 (url: LOG-SYSTEM-Setup-1.0.2.exe)
[2020-12-06 08:17:26.414] [info] Downloading update from LOG-SYSTEM-Setup-1.0.2.exe
[2020-12-06 08:17:26.493] [error] updaterCacheDirName is not specified in app-update.yml Was app build using at least electron-builder 20.34.0?
[2020-12-06 08:17:29.894] [info] Update has already been downloaded to C:\Users\WebDev\AppData\Local\LOG-SYSTEM\pending\LOG-SYSTEM-Setup-1.0.2.exe).
[2020-12-06 08:17:34.896] [info] Install on explicit quitAndInstall
[2020-12-06 08:17:34.898] [info] Install: isSilent: false, isForceRunAfter: true
[2020-12-06 08:17:35.941] [info] Update installer has already been triggered. Quitting application.
[2020-12-06 08:19:22.981] [info] Checking for update
[2020-12-06 08:19:24.124] [info] Found version 1.0.2 (url: LOG-SYSTEM-Setup-1.0.2.exe)
[2020-12-06 08:19:24.129] [info] Downloading update from LOG-SYSTEM-Setup-1.0.2.exe
[2020-12-06 08:19:24.134] [error] updaterCacheDirName is not specified in app-update.yml Was app build using at least electron-builder 20.34.0?
[2020-12-06 08:19:24.359] [info] Update has already been downloaded to C:\Users\WebDev\AppData\Local\LOG-SYSTEM\pending\LOG-SYSTEM-Setup-1.0.2.exe).
[2020-12-06 08:19:29.360] [info] Install on explicit quitAndInstall
[2020-12-06 08:19:29.362] [info] Install: isSilent: false, isForceRunAfter: true
[2020-12-06 08:19:29.384] [info] Update installer has already been triggered. Quitting application.
[2020-12-06 08:26:24.586] [info] Checking for update
[2020-12-06 08:26:25.724] [info] Found version 1.0.2 (url: LOG-SYSTEM-Setup-1.0.2.exe)
[2020-12-06 08:26:25.729] [info] Downloading update from LOG-SYSTEM-Setup-1.0.2.exe
[2020-12-06 08:26:26.001] [error] updaterCacheDirName is not specified in app-update.yml Was app build using at least electron-builder 20.34.0?
[2020-12-06 08:26:26.429] [info] Update has already been downloaded to C:\Users\WebDev\AppData\Local\LOG-SYSTEM\pending\LOG-SYSTEM-Setup-1.0.2.exe).
[2020-12-06 08:26:31.725] [info] Install on explicit quitAndInstall
[2020-12-06 08:26:31.726] [info] Install: isSilent: false, isForceRunAfter: true
[2020-12-06 08:26:35.016] [info] Update installer has already been triggered. Quitting application.
[2020-12-06 08:27:07.858] [info] Checking for update
[2020-12-06 08:27:08.994] [info] Found version 1.0.2 (url: LOG-SYSTEM-Setup-1.0.2.exe)
[2020-12-06 08:27:09.000] [info] Downloading update from LOG-SYSTEM-Setup-1.0.2.exe
[2020-12-06 08:27:09.009] [error] updaterCacheDirName is not specified in app-update.yml Was app build using at least electron-builder 20.34.0?
[2020-12-06 08:27:09.237] [info] Update has already been downloaded to C:\Users\WebDev\AppData\Local\LOG-SYSTEM\pending\LOG-SYSTEM-Setup-1.0.2.exe).
[2020-12-06 08:27:12.407] [info] Auto install update on quit
[2020-12-06 08:27:12.413] [info] Install: isSilent: true, isForceRunAfter: false
[2020-12-06 08:27:22.857] [info] Checking for update
[2020-12-06 08:27:23.989] [info] Found version 1.0.2 (url: LOG-SYSTEM-Setup-1.0.2.exe)
[2020-12-06 08:27:23.994] [info] Downloading update from LOG-SYSTEM-Setup-1.0.2.exe
[2020-12-06 08:27:24.004] [error] updaterCacheDirName is not specified in app-update.yml Was app build using at least electron-builder 20.34.0?
[2020-12-06 08:27:24.211] [info] Update has already been downloaded to C:\Users\WebDev\AppData\Local\LOG-SYSTEM\pending\LOG-SYSTEM-Setup-1.0.2.exe).
[2020-12-06 08:27:29.214] [info] Install on explicit quitAndInstall
[2020-12-06 08:27:29.215] [info] Install: isSilent: false, isForceRunAfter: true
[2020-12-06 08:28:15.103] [info] Checking for update
[2020-12-06 08:28:16.283] [info] Found version 1.0.2 (url: LOG-SYSTEM-Setup-1.0.2.exe)
[2020-12-06 08:28:16.288] [info] Downloading update from LOG-SYSTEM-Setup-1.0.2.exe
[2020-12-06 08:28:16.294] [error] updaterCacheDirName is not specified in app-update.yml Was app build using at least electron-builder 20.34.0?
[2020-12-06 08:28:16.500] [info] Update has already been downloaded to C:\Users\WebDev\AppData\Local\LOG-SYSTEM\pending\LOG-SYSTEM-Setup-1.0.2.exe).
[2020-12-06 08:28:21.504] [info] Install on explicit quitAndInstall
[2020-12-06 08:28:21.506] [info] Install: isSilent: false, isForceRunAfter: true
[2020-12-06 08:29:54.325] [info] Checking for update
[2020-12-06 08:29:55.470] [info] Found version 1.0.2 (url: LOG-SYSTEM-Setup-1.0.2.exe)
[2020-12-06 08:30:36.486] [info] Downloading update from LOG-SYSTEM-Setup-1.0.2.exe
[2020-12-06 08:30:36.490] [error] updaterCacheDirName is not specified in app-update.yml Was app build using at least electron-builder 20.34.0?
[2020-12-06 08:30:36.683] [info] Update has already been downloaded to C:\Users\WebDev\AppData\Local\LOG-SYSTEM\pending\LOG-SYSTEM-Setup-1.0.2.exe).
[2020-12-06 08:30:41.686] [info] Install on explicit quitAndInstall
[2020-12-06 08:30:41.688] [info] Install: isSilent: false, isForceRunAfter: true
[2020-12-06 08:33:15.087] [info] Checking for update
[2020-12-06 08:33:16.460] [info] Found version 1.0.2 (url: LOG-SYSTEM-Setup-1.0.2.exe)
[2020-12-06 08:33:16.462] [error] Error: TypeError: Object has been destroyed
    at BrowserWindow.n.loadFile (electron/js2c/browser_init.js:33:2121)
    at NsisUpdater.<anonymous> (C:\Users\WebDev\WebstormProjects\LOG-SYSTEM\main.js:59:13)
    at NsisUpdater.emit (events.js:315:20)
    at NsisUpdater.onUpdateAvailable (C:\Users\WebDev\WebstormProjects\LOG-SYSTEM\node_modules\electron-updater\out\AppUpdater.js:544:10)
    at NsisUpdater.doCheckForUpdates (C:\Users\WebDev\WebstormProjects\LOG-SYSTEM\node_modules\electron-updater\out\AppUpdater.js:530:10)
    at processTicksAndRejections (internal/process/task_queues.js:97:5)
[2020-12-06 08:33:24.383] [info] Checking for update
[2020-12-06 08:33:25.531] [info] Update for version 1.0.2 is not available (latest version: 1.0.2, downgrade is disallowed).
[2020-12-06 08:46:22.323] [info] Checking for update
[2020-12-06 08:46:25.414] [error] Error: Error: net::ERR_CONNECTION_REFUSED
    at SimpleURLLoaderWrapper.<anonymous> (electron/js2c/browser_init.js:105:6497)
    at SimpleURLLoaderWrapper.emit (events.js:315:20)
[2020-12-06 08:46:41.660] [info] Checking for update
[2020-12-06 08:46:44.746] [error] Error: Error: net::ERR_CONNECTION_REFUSED
    at SimpleURLLoaderWrapper.<anonymous> (electron/js2c/browser_init.js:105:6497)
    at SimpleURLLoaderWrapper.emit (events.js:315:20)
[2020-12-06 08:46:56.293] [info] Checking for update
[2020-12-06 08:46:59.382] [error] Error: Error: net::ERR_CONNECTION_REFUSED
    at SimpleURLLoaderWrapper.<anonymous> (electron/js2c/browser_init.js:105:6497)
    at SimpleURLLoaderWrapper.emit (events.js:315:20)
[2020-12-06 08:47:41.577] [info] Checking for update
[2020-12-06 08:47:44.667] [error] Error: Error: net::ERR_CONNECTION_REFUSED
    at SimpleURLLoaderWrapper.<anonymous> (electron/js2c/browser_init.js:105:6497)
    at SimpleURLLoaderWrapper.emit (events.js:315:20)
[2020-12-06 08:48:00.089] [info] Checking for update
[2020-12-06 08:48:03.175] [error] Error: Error: net::ERR_CONNECTION_REFUSED
    at SimpleURLLoaderWrapper.<anonymous> (electron/js2c/browser_init.js:105:6497)
    at SimpleURLLoaderWrapper.emit (events.js:315:20)
[2020-12-06 08:48:33.474] [info] Checking for update
[2020-12-06 08:48:34.608] [info] Update for version 1.0.2 is not available (latest version: 1.0.2, downgrade is disallowed).
[2020-12-06 19:29:19.366] [info] Checking for update
[2020-12-06 19:29:21.114] [info] Update for version 1.0.2 is not available (latest version: 1.0.2, downgrade is disallowed).
[2020-12-07 07:21:29.888] [info] Checking for update
[2020-12-07 07:21:31.936] [info] Update for version 1.0.3 is not available (latest version: 1.0.3, downgrade is disallowed).
[2020-12-07 07:22:30.766] [info] Checking for update
[2020-12-07 07:22:31.979] [info] Update for version 1.0.3 is not available (latest version: 1.0.3, downgrade is disallowed).
[2020-12-07 07:23:06.048] [info] Checking for update
[2020-12-07 07:23:07.184] [info] Found version 1.0.3 (url: LOG-SYSTEM-Setup-1.0.3.exe)
[2020-12-07 08:22:38.628] [info] Checking for update
[2020-12-07 08:22:39.808] [info] Update for version 1.0.3 is not available (latest version: 1.0.3, downgrade is disallowed).
[2020-12-10 22:20:31.924] [info] Checking for update
[2020-12-10 22:21:02.042] [info] Update for version 1.0.4 is not available (latest version: 1.0.4, downgrade is disallowed).
[2020-12-10 22:25:17.390] [info] Checking for update
[2020-12-10 22:25:18.533] [info] Update for version 1.0.4 is not available (latest version: 1.0.4, downgrade is disallowed).
[2020-12-10 22:26:58.210] [info] Checking for update
[2020-12-10 22:26:59.350] [info] Update for version 1.0.4 is not available (latest version: 1.0.4, downgrade is disallowed).
[2020-12-10 22:28:06.334] [info] Checking for update
[2020-12-10 22:28:07.470] [info] Update for version 1.0.4 is not available (latest version: 1.0.4, downgrade is disallowed).
[2020-12-10 22:32:32.153] [info] Checking for update
[2020-12-10 22:32:33.305] [info] Update for version 1.0.4 is not available (latest version: 1.0.4, downgrade is disallowed).
[2020-12-10 22:34:37.149] [info] Checking for update
[2020-12-10 22:34:38.287] [info] Update for version 1.0.4 is not available (latest version: 1.0.4, downgrade is disallowed).
[2020-12-10 22:34:56.114] [info] Checking for update
[2020-12-10 22:34:57.248] [info] Update for version 1.0.4 is not available (latest version: 1.0.4, downgrade is disallowed).
[2020-12-10 22:37:47.467] [info] Checking for update
[2020-12-10 22:37:48.623] [info] Update for version 1.0.4 is not available (latest version: 1.0.4, downgrade is disallowed).
[2020-12-10 22:46:18.944] [info] Checking for update
[2020-12-10 22:46:20.093] [info] Update for version 1.0.4 is not available (latest version: 1.0.4, downgrade is disallowed).
[2020-12-10 22:49:08.609] [info] Checking for update
[2020-12-10 22:49:52.172] [info] Checking for update
[2020-12-10 22:49:53.310] [info] Update for version 1.0.4 is not available (latest version: 1.0.4, downgrade is disallowed).
[2020-12-10 22:50:42.898] [info] Checking for update
[2020-12-10 22:50:44.033] [info] Update for version 1.0.4 is not available (latest version: 1.0.4, downgrade is disallowed).
[2020-12-10 22:51:31.469] [info] Checking for update
[2020-12-10 22:51:32.609] [info] Update for version 1.0.4 is not available (latest version: 1.0.4, downgrade is disallowed).
[2020-12-10 22:59:05.025] [info] Checking for update
[2020-12-10 22:59:06.163] [info] Update for version 1.0.4 is not available (latest version: 1.0.4, downgrade is disallowed).
[2020-12-10 22:59:55.537] [info] Checking for update
[2020-12-10 22:59:56.703] [info] Update for version 1.0.4 is not available (latest version: 1.0.4, downgrade is disallowed).
[2020-12-10 23:06:53.494] [info] Checking for update
[2020-12-10 23:06:54.631] [info] Update for version 1.0.4 is not available (latest version: 1.0.4, downgrade is disallowed).
[2020-12-10 23:11:44.675] [info] Checking for update
[2020-12-10 23:11:45.833] [info] Update for version 1.0.4 is not available (latest version: 1.0.4, downgrade is disallowed).
[2020-12-10 23:12:33.292] [info] Checking for update
[2020-12-10 23:12:34.428] [info] Update for version 1.0.4 is not available (latest version: 1.0.4, downgrade is disallowed).
[2020-12-10 23:16:40.735] [info] Checking for update
[2020-12-10 23:16:41.871] [info] Update for version 1.0.4 is not available (latest version: 1.0.4, downgrade is disallowed).
[2020-12-10 23:18:19.164] [info] Checking for update
[2020-12-10 23:18:20.312] [info] Update for version 1.0.4 is not available (latest version: 1.0.4, downgrade is disallowed).
[2020-12-10 23:36:48.886] [info] Checking for update
[2020-12-10 23:36:50.021] [info] Update for version 1.0.4 is not available (latest version: 1.0.4, downgrade is disallowed).
[2020-12-10 23:37:12.742] [info] Checking for update
[2020-12-10 23:37:13.879] [info] Update for version 1.0.4 is not available (latest version: 1.0.4, downgrade is disallowed).
[2020-12-10 23:37:44.565] [info] Checking for update
[2020-12-10 23:37:45.735] [info] Update for version 1.0.4 is not available (latest version: 1.0.4, downgrade is disallowed).
[2020-12-10 23:40:45.540] [info] Checking for update
[2020-12-10 23:40:46.685] [info] Update for version 1.0.4 is not available (latest version: 1.0.4, downgrade is disallowed).
[2020-12-10 23:41:38.471] [info] Checking for update
[2020-12-10 23:41:39.624] [info] Update for version 1.0.4 is not available (latest version: 1.0.4, downgrade is disallowed).
[2020-12-10 23:41:59.613] [info] Checking for update
[2020-12-10 23:42:00.773] [info] Update for version 1.0.4 is not available (latest version: 1.0.4, downgrade is disallowed).
[2020-12-10 23:43:53.892] [info] Checking for update
[2020-12-10 23:43:55.033] [info] Update for version 1.0.4 is not available (latest version: 1.0.4, downgrade is disallowed).
[2020-12-10 23:47:52.177] [info] Checking for update
[2020-12-10 23:47:53.330] [info] Update for version 1.0.4 is not available (latest version: 1.0.4, downgrade is disallowed).
[2020-12-10 23:48:23.272] [info] Checking for update
[2020-12-10 23:48:24.419] [info] Update for version 1.0.4 is not available (latest version: 1.0.4, downgrade is disallowed).
[2020-12-11 00:41:43.585] [info] Checking for update
[2020-12-11 00:41:44.759] [info] Update for version 1.0.4 is not available (latest version: 1.0.4, downgrade is disallowed).
[2020-12-11 00:49:58.219] [info] Checking for update
[2020-12-11 00:49:59.370] [info] Update for version 1.0.4 is not available (latest version: 1.0.4, downgrade is disallowed).
[2020-12-11 00:53:18.177] [info] Checking for update
[2020-12-11 00:53:19.318] [info] Update for version 1.0.4 is not available (latest version: 1.0.4, downgrade is disallowed).
[2020-12-11 00:54:56.041] [info] Checking for update
[2020-12-11 00:54:57.174] [info] Update for version 1.0.4 is not available (latest version: 1.0.4, downgrade is disallowed).
[2020-12-11 00:56:56.426] [info] Checking for update
[2020-12-11 00:56:57.571] [info] Update for version 1.0.4 is not available (latest version: 1.0.4, downgrade is disallowed).
[2020-12-11 00:59:56.765] [info] Checking for update
[2020-12-11 00:59:57.903] [info] Update for version 1.0.4 is not available (latest version: 1.0.4, downgrade is disallowed).
[2020-12-11 01:02:03.720] [info] Checking for update
[2020-12-11 01:02:04.860] [info] Update for version 1.0.4 is not available (latest version: 1.0.4, downgrade is disallowed).
[2020-12-11 01:02:47.856] [info] Checking for update
[2020-12-11 01:02:49.004] [info] Update for version 1.0.4 is not available (latest version: 1.0.4, downgrade is disallowed).
[2020-12-11 01:04:25.165] [info] Checking for update
[2020-12-11 01:04:26.294] [info] Update for version 1.0.4 is not available (latest version: 1.0.4, downgrade is disallowed).
[2020-12-11 01:06:13.123] [info] Checking for update
[2020-12-11 01:06:14.258] [info] Update for version 1.0.4 is not available (latest version: 1.0.4, downgrade is disallowed).
[2020-12-11 01:13:25.525] [info] Checking for update
[2020-12-11 01:13:26.697] [info] Update for version 1.0.4 is not available (latest version: 1.0.4, downgrade is disallowed).
[2020-12-11 01:20:51.452] [info] Checking for update
[2020-12-11 01:20:52.583] [info] Update for version 1.0.4 is not available (latest version: 1.0.4, downgrade is disallowed).
[2020-12-11 01:23:12.449] [info] Checking for update
[2020-12-11 01:23:13.579] [info] Update for version 1.0.4 is not available (latest version: 1.0.4, downgrade is disallowed).
[2020-12-11 01:24:20.615] [info] Checking for update
[2020-12-11 01:24:21.746] [info] Update for version 1.0.4 is not available (latest version: 1.0.4, downgrade is disallowed).
[2020-12-11 01:26:17.851] [info] Checking for update
[2020-12-11 01:26:18.989] [info] Update for version 1.0.4 is not available (latest version: 1.0.4, downgrade is disallowed).
[2020-12-11 01:29:27.616] [info] Checking for update
[2020-12-11 01:29:28.744] [info] Update for version 1.0.4 is not available (latest version: 1.0.4, downgrade is disallowed).
[2020-12-11 01:30:13.252] [info] Checking for update
[2020-12-11 01:30:14.385] [info] Update for version 1.0.4 is not available (latest version: 1.0.4, downgrade is disallowed).
[2020-12-11 01:30:29.297] [info] Checking for update
[2020-12-11 01:30:30.425] [info] Update for version 1.0.4 is not available (latest version: 1.0.4, downgrade is disallowed).
[2020-12-11 01:31:10.741] [info] Checking for update
[2020-12-11 01:31:11.915] [info] Update for version 1.0.4 is not available (latest version: 1.0.4, downgrade is disallowed).
[2020-12-11 01:33:05.998] [info] Checking for update
[2020-12-11 01:33:07.142] [info] Update for version 1.0.4 is not available (latest version: 1.0.4, downgrade is disallowed).
[2020-12-11 01:33:40.421] [info] Checking for update
[2020-12-11 01:33:41.563] [info] Update for version 1.0.4 is not available (latest version: 1.0.4, downgrade is disallowed).
[2020-12-11 01:34:17.975] [info] Checking for update
[2020-12-11 01:34:19.104] [info] Update for version 1.0.4 is not available (latest version: 1.0.4, downgrade is disallowed).
[2020-12-11 01:36:00.829] [info] Checking for update
[2020-12-11 01:36:01.971] [info] Update for version 1.0.4 is not available (latest version: 1.0.4, downgrade is disallowed).
[2020-12-11 01:36:24.003] [info] Checking for update
[2020-12-11 01:36:25.124] [info] Update for version 1.0.4 is not available (latest version: 1.0.4, downgrade is disallowed).
[2020-12-11 01:39:31.874] [info] Checking for update
[2020-12-11 01:39:33.010] [info] Update for version 1.0.4 is not available (latest version: 1.0.4, downgrade is disallowed).
[2020-12-11 01:40:36.384] [info] Checking for update
[2020-12-11 01:40:37.518] [info] Update for version 1.0.4 is not available (latest version: 1.0.4, downgrade is disallowed).
[2020-12-11 01:40:49.088] [info] Checking for update
[2020-12-11 01:40:50.224] [info] Update for version 1.0.4 is not available (latest version: 1.0.4, downgrade is disallowed).
[2020-12-11 01:44:35.500] [info] Checking for update
[2020-12-11 01:44:36.633] [info] Update for version 1.0.4 is not available (latest version: 1.0.4, downgrade is disallowed).
[2020-12-11 01:51:44.278] [info] Checking for update
[2020-12-11 01:51:45.411] [info] Update for version 1.0.4 is not available (latest version: 1.0.4, downgrade is disallowed).
[2020-12-11 02:36:26.898] [info] Checking for update
[2020-12-11 02:36:28.045] [info] Update for version 1.0.4 is not available (latest version: 1.0.4, downgrade is disallowed).
[2020-12-11 02:47:11.914] [info] Checking for update
[2020-12-11 02:47:13.098] [info] Update for version 1.0.4 is not available (latest version: 1.0.4, downgrade is disallowed).
[2020-12-11 03:11:27.010] [info] Checking for update
[2020-12-11 03:11:28.152] [info] Update for version 1.0.4 is not available (latest version: 1.0.4, downgrade is disallowed).
[2020-12-11 03:12:32.340] [info] Checking for update
[2020-12-11 03:12:33.476] [info] Update for version 1.0.4 is not available (latest version: 1.0.4, downgrade is disallowed).
[2020-12-11 03:16:20.024] [info] Checking for update
[2020-12-11 03:16:21.168] [info] Update for version 1.0.4 is not available (latest version: 1.0.4, downgrade is disallowed).
[2020-12-11 03:40:09.845] [info] Checking for update
[2020-12-11 03:40:10.975] [info] Update for version 1.0.4 is not available (latest version: 1.0.4, downgrade is disallowed).
[2020-12-11 08:28:32.159] [info] Checking for update
[2020-12-11 08:28:33.295] [info] Update for version 1.0.4 is not available (latest version: 1.0.4, downgrade is disallowed).
[2020-12-11 08:34:35.716] [info] Checking for update
[2020-12-11 08:34:36.848] [info] Update for version 1.0.4 is not available (latest version: 1.0.4, downgrade is disallowed).
[2020-12-11 08:36:55.934] [info] Checking for update
[2020-12-11 08:36:57.062] [info] Update for version 1.0.4 is not available (latest version: 1.0.4, downgrade is disallowed).
[2020-12-11 08:37:17.580] [info] Checking for update
[2020-12-11 08:37:18.707] [info] Update for version 1.0.4 is not available (latest version: 1.0.4, downgrade is disallowed).
[2020-12-11 08:39:21.959] [info] Checking for update
[2020-12-11 08:39:23.085] [info] Update for version 1.0.4 is not available (latest version: 1.0.4, downgrade is disallowed).
[2020-12-11 08:41:49.693] [info] Checking for update
[2020-12-11 08:41:50.811] [info] Update for version 1.0.4 is not available (latest version: 1.0.4, downgrade is disallowed).
[2020-12-11 08:42:21.932] [info] Checking for update
[2020-12-11 08:42:23.053] [info] Update for version 1.0.4 is not available (latest version: 1.0.4, downgrade is disallowed).
[2020-12-11 08:43:17.793] [info] Checking for update
[2020-12-11 08:43:18.927] [info] Update for version 1.0.4 is not available (latest version: 1.0.4, downgrade is disallowed).
[2020-12-11 08:46:45.098] [info] Checking for update
[2020-12-11 08:46:46.251] [info] Update for version 1.0.4 is not available (latest version: 1.0.4, downgrade is disallowed).
[2020-12-11 08:50:22.862] [info] Checking for update
[2020-12-11 08:50:24.003] [info] Update for version 1.0.4 is not available (latest version: 1.0.4, downgrade is disallowed).
[2020-12-11 09:13:46.348] [info] Checking for update
[2020-12-11 09:13:47.470] [info] Update for version 1.0.4 is not available (latest version: 1.0.4, downgrade is disallowed).
[2020-12-11 09:15:53.519] [info] Checking for update
[2020-12-11 09:15:54.674] [info] Update for version 1.0.4 is not available (latest version: 1.0.4, downgrade is disallowed).
[2020-12-11 09:16:56.675] [info] Checking for update
[2020-12-11 09:16:57.805] [info] Update for version 1.0.4 is not available (latest version: 1.0.4, downgrade is disallowed).
[2020-12-11 09:19:46.002] [info] Checking for update
[2020-12-11 09:19:47.208] [info] Update for version 1.0.4 is not available (latest version: 1.0.4, downgrade is disallowed).
[2020-12-11 09:23:03.185] [info] Checking for update
[2020-12-11 09:23:04.319] [info] Update for version 1.0.4 is not available (latest version: 1.0.4, downgrade is disallowed).
[2020-12-11 09:23:33.212] [info] Checking for update
[2020-12-11 09:23:34.348] [info] Update for version 1.0.4 is not available (latest version: 1.0.4, downgrade is disallowed).
[2020-12-11 09:24:09.760] [info] Checking for update
[2020-12-11 09:24:10.890] [info] Update for version 1.0.4 is not available (latest version: 1.0.4, downgrade is disallowed).
[2020-12-11 09:24:37.164] [info] Checking for update
[2020-12-11 09:24:38.374] [info] Update for version 1.0.4 is not available (latest version: 1.0.4, downgrade is disallowed).
[2020-12-11 09:25:09.349] [info] Checking for update
[2020-12-11 09:25:10.482] [info] Update for version 1.0.4 is not available (latest version: 1.0.4, downgrade is disallowed).
[2020-12-11 09:28:54.890] [info] Checking for update
[2020-12-11 09:28:56.022] [info] Update for version 1.0.4 is not available (latest version: 1.0.4, downgrade is disallowed).
[2020-12-11 09:29:16.751] [info] Checking for update
[2020-12-11 09:29:17.892] [info] Update for version 1.0.4 is not available (latest version: 1.0.4, downgrade is disallowed).
[2020-12-11 09:45:34.897] [info] Checking for update
[2020-12-11 09:45:36.024] [info] Update for version 1.0.4 is not available (latest version: 1.0.4, downgrade is disallowed).
[2020-12-11 09:46:33.542] [info] Checking for update
[2020-12-11 09:46:34.681] [info] Update for version 1.0.4 is not available (latest version: 1.0.4, downgrade is disallowed).
[2020-12-11 09:49:39.321] [info] Checking for update
[2020-12-11 09:49:40.466] [info] Update for version 1.0.4 is not available (latest version: 1.0.4, downgrade is disallowed).
[2020-12-11 09:50:14.882] [info] Checking for update
[2020-12-11 09:50:16.027] [info] Update for version 1.0.4 is not available (latest version: 1.0.4, downgrade is disallowed).
[2020-12-11 09:51:00.776] [info] Checking for update
[2020-12-11 09:51:01.921] [info] Update for version 1.0.4 is not available (latest version: 1.0.4, downgrade is disallowed).
[2020-12-11 09:52:29.953] [info] Checking for update
[2020-12-11 09:52:31.098] [info] Update for version 1.0.4 is not available (latest version: 1.0.4, downgrade is disallowed).
[2020-12-11 09:54:49.807] [info] Checking for update
[2020-12-11 09:54:50.941] [info] Update for version 1.0.4 is not available (latest version: 1.0.4, downgrade is disallowed).
[2020-12-11 10:04:38.655] [info] Checking for update
[2020-12-11 10:04:39.800] [info] Update for version 1.0.4 is not available (latest version: 1.0.4, downgrade is disallowed).
[2020-12-11 10:08:03.981] [info] Checking for update
[2020-12-11 10:08:05.117] [info] Update for version 1.0.4 is not available (latest version: 1.0.4, downgrade is disallowed).
[2020-12-11 10:10:07.444] [info] Checking for update
[2020-12-11 10:10:08.602] [info] Update for version 1.0.4 is not available (latest version: 1.0.4, downgrade is disallowed).
[2020-12-11 20:15:07.305] [info] Checking for update
[2020-12-11 20:15:08.456] [info] Update for version 1.0.4 is not available (latest version: 1.0.4, downgrade is disallowed).
[2020-12-11 21:17:40.089] [info] Checking for update
[2020-12-11 21:17:41.229] [info] Update for version 1.0.4 is not available (latest version: 1.0.4, downgrade is disallowed).
[2020-12-11 21:48:34.438] [info] Checking for update
[2020-12-11 21:48:36.410] [info] Update for version 1.0.4 is not available (latest version: 1.0.4, downgrade is disallowed).
[2020-12-11 21:49:21.975] [info] Checking for update
[2020-12-11 21:49:23.118] [info] Update for version 1.0.4 is not available (latest version: 1.0.4, downgrade is disallowed).
[2020-12-11 22:14:03.370] [info] Checking for update
[2020-12-11 22:14:04.513] [info] Update for version 1.0.4 is not available (latest version: 1.0.4, downgrade is disallowed).
[2020-12-11 22:30:09.504] [info] Checking for update
[2020-12-11 22:30:10.651] [info] Update for version 1.0.4 is not available (latest version: 1.0.4, downgrade is disallowed).
[2020-12-11 22:32:07.727] [info] Checking for update
[2020-12-11 22:32:08.870] [info] Update for version 1.0.4 is not available (latest version: 1.0.4, downgrade is disallowed).
[2020-12-11 22:34:25.305] [info] Checking for update
[2020-12-11 22:34:26.463] [info] Update for version 1.0.4 is not available (latest version: 1.0.4, downgrade is disallowed).
[2020-12-11 22:35:16.865] [info] Checking for update
[2020-12-11 22:35:18.012] [info] Update for version 1.0.4 is not available (latest version: 1.0.4, downgrade is disallowed).
[2020-12-11 22:35:35.966] [info] Checking for update
[2020-12-11 22:35:37.146] [info] Update for version 1.0.4 is not available (latest version: 1.0.4, downgrade is disallowed).
[2020-12-11 22:39:18.044] [info] Checking for update
[2020-12-11 22:39:19.204] [info] Update for version 1.0.4 is not available (latest version: 1.0.4, downgrade is disallowed).
[2020-12-11 22:50:45.244] [info] Checking for update
[2020-12-11 22:50:46.388] [info] Update for version 1.0.4 is not available (latest version: 1.0.4, downgrade is disallowed).
[2020-12-11 22:56:16.414] [info] Checking for update
[2020-12-11 22:56:17.572] [info] Update for version 1.0.4 is not available (latest version: 1.0.4, downgrade is disallowed).
[2020-12-11 23:09:41.236] [info] Checking for update
[2020-12-11 23:09:42.365] [info] Update for version 1.0.4 is not available (latest version: 1.0.4, downgrade is disallowed).
[2020-12-11 23:20:37.652] [info] Checking for update
[2020-12-11 23:20:38.841] [info] Update for version 1.0.4 is not available (latest version: 1.0.4, downgrade is disallowed).
[2020-12-12 05:16:02.932] [info] Checking for update
[2020-12-12 05:16:04.132] [info] Update for version 1.0.4 is not available (latest version: 1.0.4, downgrade is disallowed).
[2020-12-12 05:23:57.162] [info] Checking for update
[2020-12-12 05:23:58.367] [info] Update for version 1.0.4 is not available (latest version: 1.0.4, downgrade is disallowed).
[2020-12-12 05:34:49.979] [info] Checking for update
[2020-12-12 05:34:51.217] [info] Update for version 1.0.4 is not available (latest version: 1.0.4, downgrade is disallowed).
[2020-12-12 05:40:48.810] [info] Checking for update
[2020-12-12 05:40:49.961] [info] Update for version 1.0.4 is not available (latest version: 1.0.4, downgrade is disallowed).
[2020-12-12 05:55:15.054] [info] Checking for update
[2020-12-12 05:55:16.229] [info] Update for version 1.0.4 is not available (latest version: 1.0.4, downgrade is disallowed).
[2020-12-12 05:57:44.366] [info] Checking for update
[2020-12-12 05:57:45.507] [info] Update for version 1.0.4 is not available (latest version: 1.0.4, downgrade is disallowed).
[2020-12-12 06:41:58.202] [info] Checking for update
[2020-12-12 06:41:59.353] [info] Update for version 1.0.4 is not available (latest version: 1.0.4, downgrade is disallowed).
[2020-12-12 06:45:35.390] [info] Checking for update
[2020-12-12 06:45:36.562] [info] Update for version 1.0.4 is not available (latest version: 1.0.4, downgrade is disallowed).
[2020-12-12 14:43:59.940] [info] Checking for update
[2020-12-12 14:44:03.857] [info] Update for version 1.0.4 is not available (latest version: 1.0.4, downgrade is disallowed).
[2020-12-12 16:00:18.278] [info] Checking for update
[2020-12-12 16:00:19.473] [info] Update for version 1.0.4 is not available (latest version: 1.0.4, downgrade is disallowed).
[2020-12-12 16:03:38.298] [info] Checking for update
[2020-12-12 16:03:39.443] [info] Update for version 1.0.4 is not available (latest version: 1.0.4, downgrade is disallowed).
[2020-12-12 16:04:54.256] [info] Checking for update
[2020-12-12 16:04:55.395] [info] Update for version 1.0.4 is not available (latest version: 1.0.4, downgrade is disallowed).
[2020-12-12 16:05:26.156] [info] Checking for update
[2020-12-12 16:05:27.304] [info] Update for version 1.0.4 is not available (latest version: 1.0.4, downgrade is disallowed).
[2020-12-12 16:22:07.118] [info] Checking for update
[2020-12-12 16:22:08.260] [info] Update for version 1.0.4 is not available (latest version: 1.0.4, downgrade is disallowed).
[2020-12-12 16:32:38.221] [info] Checking for update
[2020-12-12 16:32:39.391] [info] Update for version 1.0.4 is not available (latest version: 1.0.4, downgrade is disallowed).
[2020-12-12 16:40:23.820] [info] Checking for update
[2020-12-12 16:40:24.971] [info] Update for version 1.0.4 is not available (latest version: 1.0.4, downgrade is disallowed).
[2020-12-12 17:33:03.623] [info] Checking for update
[2020-12-12 17:33:05.059] [info] Update for version 1.0.4 is not available (latest version: 1.0.4, downgrade is disallowed).
[2020-12-12 18:47:31.243] [info] Checking for update
[2020-12-12 18:47:32.518] [info] Update for version 1.0.4 is not available (latest version: 1.0.4, downgrade is disallowed).
[2020-12-12 18:50:19.966] [info] Checking for update
[2020-12-12 18:50:21.105] [info] Update for version 1.0.4 is not available (latest version: 1.0.4, downgrade is disallowed).
[2020-12-12 21:57:05.757] [info] Checking for update
[2020-12-12 21:57:07.509] [info] Update for version 1.0.4 is not available (latest version: 1.0.4, downgrade is disallowed).
[2020-12-12 21:58:27.793] [info] Checking for update
[2020-12-12 21:58:28.960] [info] Update for version 1.0.4 is not available (latest version: 1.0.4, downgrade is disallowed).
[2020-12-13 06:38:01.921] [info] Checking for update
[2020-12-13 06:38:03.143] [info] Update for version 1.0.4 is not available (latest version: 1.0.4, downgrade is disallowed).
[2020-12-13 07:02:15.108] [info] Checking for update
[2020-12-13 07:02:16.350] [info] Update for version 1.0.4 is not available (latest version: 1.0.4, downgrade is disallowed).
[2020-12-13 07:02:29.737] [info] Checking for update
[2020-12-13 07:02:31.007] [info] Update for version 1.0.4 is not available (latest version: 1.0.4, downgrade is disallowed).
[2020-12-13 08:18:27.532] [info] Checking for update
[2020-12-13 08:18:28.740] [info] Update for version 1.0.4 is not available (latest version: 1.0.4, downgrade is disallowed).
[2020-12-13 08:49:56.830] [info] Checking for update
[2020-12-13 08:49:58.112] [info] Update for version 1.0.4 is not available (latest version: 1.0.4, downgrade is disallowed).
[2020-12-13 17:49:59.154] [info] Checking for update
[2020-12-13 17:50:01.325] [info] Update for version 1.0.4 is not available (latest version: 1.0.4, downgrade is disallowed).
[2020-12-13 18:15:44.374] [info] Checking for update
[2020-12-13 18:15:45.510] [info] Update for version 1.0.4 is not available (latest version: 1.0.4, downgrade is disallowed).
[2020-12-14 14:09:58.045] [info] Checking for update
[2020-12-14 14:09:59.729] [info] Update for version 1.0.4 is not available (latest version: 1.0.4, downgrade is disallowed).
[2020-12-14 14:17:24.895] [info] Checking for update
[2020-12-14 14:25:58.724] [info] Checking for update
[2020-12-14 14:25:59.995] [info] Update for version 1.0.4 is not available (latest version: 1.0.4, downgrade is disallowed).
[2020-12-14 14:53:52.142] [info] Checking for update
[2020-12-14 14:53:53.368] [info] Update for version 1.0.4 is not available (latest version: 1.0.4, downgrade is disallowed).
[2020-12-14 15:10:46.739] [info] Checking for update
[2020-12-14 15:10:47.895] [info] Update for version 1.0.4 is not available (latest version: 1.0.4, downgrade is disallowed).
[2020-12-14 15:35:06.948] [info] Checking for update
[2020-12-14 15:35:08.165] [info] Update for version 1.0.4 is not available (latest version: 1.0.4, downgrade is disallowed).
[2020-12-14 15:40:42.377] [info] Checking for update
[2020-12-14 15:40:43.545] [info] Update for version 1.0.4 is not available (latest version: 1.0.4, downgrade is disallowed).
[2020-12-14 16:42:01.031] [info] Checking for update
[2020-12-14 16:42:02.323] [info] Update for version 1.0.4 is not available (latest version: 1.0.4, downgrade is disallowed).
[2020-12-14 16:49:24.094] [info] Checking for update
[2020-12-14 16:49:25.338] [info] Update for version 1.0.4 is not available (latest version: 1.0.4, downgrade is disallowed).
[2020-12-14 17:45:58.913] [info] Checking for update
[2020-12-14 17:46:00.174] [info] Update for version 1.0.4 is not available (latest version: 1.0.4, downgrade is disallowed).
[2020-12-14 20:21:53.663] [info] Checking for update
[2020-12-14 20:21:54.898] [info] Update for version 1.0.4 is not available (latest version: 1.0.4, downgrade is disallowed).
[2020-12-14 22:31:26.060] [info] Checking for update
[2020-12-14 22:31:27.969] [info] Update for version 1.0.4 is not available (latest version: 1.0.4, downgrade is disallowed).
[2020-12-14 23:22:53.411] [info] Checking for update
[2020-12-14 23:22:54.749] [info] Update for version 1.0.4 is not available (latest version: 1.0.4, downgrade is disallowed).
[2020-12-14 23:23:53.137] [info] Checking for update
[2020-12-14 23:23:54.378] [info] Update for version 1.0.4 is not available (latest version: 1.0.4, downgrade is disallowed).
[2020-12-15 00:48:50.552] [info] Checking for update
[2020-12-15 00:48:51.842] [info] Update for version 1.0.4 is not available (latest version: 1.0.4, downgrade is disallowed).
[2020-12-15 01:01:06.216] [info] Checking for update
[2020-12-15 01:01:07.488] [info] Update for version 1.0.4 is not available (latest version: 1.0.4, downgrade is disallowed).
[2020-12-15 01:02:15.100] [info] Checking for update
[2020-12-15 01:02:16.327] [info] Update for version 1.0.4 is not available (latest version: 1.0.4, downgrade is disallowed).
[2020-12-15 02:08:24.169] [info] Checking for update
[2020-12-15 02:08:25.454] [info] Update for version 1.0.4 is not available (latest version: 1.0.4, downgrade is disallowed).
[2020-12-15 02:25:05.210] [info] Checking for update
[2020-12-15 02:25:06.378] [info] Update for version 1.0.4 is not available (latest version: 1.0.4, downgrade is disallowed).
[2020-12-15 02:47:43.304] [info] Checking for update
[2020-12-15 02:47:44.445] [info] Update for version 1.0.4 is not available (latest version: 1.0.4, downgrade is disallowed).
[2020-12-15 03:10:11.160] [info] Checking for update
[2020-12-15 03:10:12.428] [info] Update for version 1.0.4 is not available (latest version: 1.0.4, downgrade is disallowed).
[2020-12-15 03:14:59.000] [info] Checking for update
[2020-12-15 03:15:00.265] [info] Update for version 1.0.4 is not available (latest version: 1.0.4, downgrade is disallowed).
[2020-12-15 03:18:08.523] [info] Checking for update
[2020-12-15 03:18:09.671] [info] Update for version 1.0.4 is not available (latest version: 1.0.4, downgrade is disallowed).
[2020-12-15 03:20:49.212] [info] Checking for update
[2020-12-15 03:20:50.374] [info] Update for version 1.0.4 is not available (latest version: 1.0.4, downgrade is disallowed).
[2020-12-15 03:23:33.934] [info] Checking for update
[2020-12-15 03:23:35.160] [info] Update for version 1.0.4 is not available (latest version: 1.0.4, downgrade is disallowed).
[2020-12-15 03:24:26.267] [info] Checking for update
[2020-12-15 03:24:27.411] [info] Update for version 1.0.4 is not available (latest version: 1.0.4, downgrade is disallowed).
[2020-12-15 03:26:17.978] [info] Checking for update
[2020-12-15 03:26:19.165] [info] Update for version 1.0.4 is not available (latest version: 1.0.4, downgrade is disallowed).
[2020-12-15 03:27:02.597] [info] Checking for update
[2020-12-15 03:27:03.862] [info] Update for version 1.0.4 is not available (latest version: 1.0.4, downgrade is disallowed).
[2020-12-15 03:27:56.101] [info] Checking for update
[2020-12-15 03:27:57.342] [info] Update for version 1.0.4 is not available (latest version: 1.0.4, downgrade is disallowed).
[2020-12-15 03:28:42.262] [info] Checking for update
[2020-12-15 03:28:43.590] [info] Update for version 1.0.4 is not available (latest version: 1.0.4, downgrade is disallowed).
[2020-12-15 03:30:43.519] [info] Checking for update
[2020-12-15 03:30:44.654] [info] Update for version 1.0.4 is not available (latest version: 1.0.4, downgrade is disallowed).
[2020-12-15 03:31:34.795] [info] Checking for update
[2020-12-15 03:31:35.936] [info] Update for version 1.0.4 is not available (latest version: 1.0.4, downgrade is disallowed).
[2020-12-15 03:35:11.229] [info] Checking for update
[2020-12-15 03:35:12.461] [info] Update for version 1.0.4 is not available (latest version: 1.0.4, downgrade is disallowed).
[2020-12-15 03:38:14.581] [info] Checking for update
[2020-12-15 03:38:15.736] [info] Update for version 1.0.4 is not available (latest version: 1.0.4, downgrade is disallowed).
[2020-12-15 03:43:30.384] [info] Checking for update
[2020-12-15 03:43:31.534] [info] Update for version 1.0.4 is not available (latest version: 1.0.4, downgrade is disallowed).
[2020-12-15 03:45:27.710] [info] Checking for update
[2020-12-15 03:45:28.867] [info] Update for version 1.0.4 is not available (latest version: 1.0.4, downgrade is disallowed).
[2020-12-15 03:48:08.481] [info] Checking for update
[2020-12-15 03:48:09.626] [info] Update for version 1.0.4 is not available (latest version: 1.0.4, downgrade is disallowed).
[2020-12-15 03:49:18.462] [info] Checking for update
[2020-12-15 03:49:19.660] [info] Update for version 1.0.4 is not available (latest version: 1.0.4, downgrade is disallowed).
[2020-12-15 03:50:18.966] [info] Checking for update
[2020-12-15 03:50:20.103] [info] Update for version 1.0.4 is not available (latest version: 1.0.4, downgrade is disallowed).
[2020-12-15 03:51:33.848] [info] Checking for update
[2020-12-15 03:51:35.029] [info] Update for version 1.0.4 is not available (latest version: 1.0.4, downgrade is disallowed).
[2020-12-15 03:52:17.464] [info] Checking for update
[2020-12-15 03:52:18.631] [info] Update for version 1.0.4 is not available (latest version: 1.0.4, downgrade is disallowed).
[2020-12-15 03:55:34.750] [info] Checking for update
[2020-12-15 03:55:35.889] [info] Update for version 1.0.4 is not available (latest version: 1.0.4, downgrade is disallowed).
[2020-12-15 03:58:08.588] [info] Checking for update
[2020-12-15 03:58:09.733] [info] Update for version 1.0.4 is not available (latest version: 1.0.4, downgrade is disallowed).
[2020-12-15 03:59:02.731] [info] Checking for update
[2020-12-15 03:59:03.873] [info] Update for version 1.0.4 is not available (latest version: 1.0.4, downgrade is disallowed).
[2020-12-15 04:00:33.385] [info] Checking for update
[2020-12-15 04:00:34.566] [info] Update for version 1.0.4 is not available (latest version: 1.0.4, downgrade is disallowed).
[2020-12-15 08:05:24.682] [info] Checking for update
[2020-12-15 08:05:25.930] [info] Update for version 1.0.4 is not available (latest version: 1.0.4, downgrade is disallowed).
[2020-12-15 08:33:51.282] [info] Checking for update
[2020-12-15 08:33:52.525] [info] Update for version 1.0.4 is not available (latest version: 1.0.4, downgrade is disallowed).
[2020-12-15 08:34:36.152] [info] Checking for update
[2020-12-15 08:34:37.336] [info] Update for version 1.0.4 is not available (latest version: 1.0.4, downgrade is disallowed).
[2020-12-15 08:36:26.737] [info] Checking for update
[2020-12-15 08:36:27.879] [info] Update for version 1.0.4 is not available (latest version: 1.0.4, downgrade is disallowed).
[2020-12-15 08:37:55.301] [info] Checking for update
[2020-12-15 08:37:56.458] [info] Update for version 1.0.4 is not available (latest version: 1.0.4, downgrade is disallowed).
[2020-12-15 08:43:58.116] [info] Checking for update
[2020-12-15 08:43:59.915] [info] Update for version 1.0.4 is not available (latest version: 1.0.4, downgrade is disallowed).
[2020-12-15 08:45:13.273] [info] Checking for update
[2020-12-15 08:45:14.415] [info] Update for version 1.0.4 is not available (latest version: 1.0.4, downgrade is disallowed).
[2020-12-15 08:46:53.796] [info] Checking for update
[2020-12-15 08:46:54.938] [info] Update for version 1.0.4 is not available (latest version: 1.0.4, downgrade is disallowed).
[2020-12-15 08:49:38.358] [info] Checking for update
[2020-12-15 08:49:39.497] [info] Update for version 1.0.4 is not available (latest version: 1.0.4, downgrade is disallowed).
[2020-12-15 08:50:23.068] [info] Checking for update
[2020-12-15 08:50:24.213] [info] Update for version 1.0.4 is not available (latest version: 1.0.4, downgrade is disallowed).
[2020-12-15 09:13:28.136] [info] Checking for update
[2020-12-15 09:13:29.290] [info] Update for version 1.0.4 is not available (latest version: 1.0.4, downgrade is disallowed).
[2020-12-15 09:16:50.790] [info] Checking for update
[2020-12-15 09:16:51.954] [info] Update for version 1.0.4 is not available (latest version: 1.0.4, downgrade is disallowed).
[2020-12-15 09:52:25.816] [info] Checking for update
[2020-12-15 09:52:26.957] [info] Update for version 1.0.4 is not available (latest version: 1.0.4, downgrade is disallowed).
[2020-12-15 10:05:37.816] [info] Checking for update
[2020-12-15 10:05:38.982] [info] Update for version 1.0.4 is not available (latest version: 1.0.4, downgrade is disallowed).
[2020-12-15 10:12:44.346] [info] Checking for update
[2020-12-15 10:12:45.502] [info] Update for version 1.0.4 is not available (latest version: 1.0.4, downgrade is disallowed).
[2020-12-15 10:15:16.619] [info] Checking for update
[2020-12-15 10:15:17.765] [info] Update for version 1.0.4 is not available (latest version: 1.0.4, downgrade is disallowed).
[2020-12-15 10:15:51.657] [info] Checking for update
[2020-12-15 10:15:52.802] [info] Update for version 1.0.4 is not available (latest version: 1.0.4, downgrade is disallowed).
[2020-12-15 10:17:16.492] [info] Checking for update
[2020-12-15 10:17:17.676] [info] Update for version 1.0.4 is not available (latest version: 1.0.4, downgrade is disallowed).
[2020-12-15 10:17:45.075] [info] Checking for update
[2020-12-15 10:17:46.229] [info] Update for version 1.0.4 is not available (latest version: 1.0.4, downgrade is disallowed).
[2020-12-15 10:19:03.240] [info] Checking for update
[2020-12-15 10:19:04.379] [info] Update for version 1.0.4 is not available (latest version: 1.0.4, downgrade is disallowed).
[2020-12-15 10:19:25.418] [info] Checking for update
[2020-12-15 10:19:26.566] [info] Update for version 1.0.4 is not available (latest version: 1.0.4, downgrade is disallowed).
[2020-12-15 10:40:03.365] [info] Checking for update
[2020-12-15 10:40:04.509] [info] Update for version 1.0.4 is not available (latest version: 1.0.4, downgrade is disallowed).
[2020-12-15 10:42:42.583] [info] Checking for update
[2020-12-15 10:42:43.723] [info] Update for version 1.0.4 is not available (latest version: 1.0.4, downgrade is disallowed).
[2020-12-15 10:44:56.687] [info] Checking for update
[2020-12-15 10:44:57.851] [info] Update for version 1.0.4 is not available (latest version: 1.0.4, downgrade is disallowed).
[2020-12-15 10:49:52.349] [info] Checking for update
[2020-12-15 10:49:53.497] [info] Update for version 1.0.4 is not available (latest version: 1.0.4, downgrade is disallowed).
[2020-12-15 11:03:09.380] [info] Checking for update
[2020-12-15 11:03:10.618] [info] Update for version 1.0.4 is not available (latest version: 1.0.4, downgrade is disallowed).
[2020-12-15 11:26:56.368] [info] Checking for update
[2020-12-15 11:26:57.512] [info] Update for version 1.0.4 is not available (latest version: 1.0.4, downgrade is disallowed).
[2020-12-15 11:30:27.447] [info] Checking for update
[2020-12-15 11:30:28.590] [info] Update for version 1.0.4 is not available (latest version: 1.0.4, downgrade is disallowed).
[2020-12-15 11:31:07.390] [info] Checking for update
[2020-12-15 11:31:08.538] [info] Update for version 1.0.4 is not available (latest version: 1.0.4, downgrade is disallowed).
[2020-12-15 11:40:41.957] [info] Checking for update
[2020-12-15 11:40:43.109] [info] Update for version 1.0.4 is not available (latest version: 1.0.4, downgrade is disallowed).
[2020-12-15 11:44:10.337] [info] Checking for update
[2020-12-15 11:44:11.478] [info] Update for version 1.0.4 is not available (latest version: 1.0.4, downgrade is disallowed).
[2020-12-15 11:52:28.051] [info] Checking for update
[2020-12-15 11:52:29.197] [info] Update for version 1.0.4 is not available (latest version: 1.0.4, downgrade is disallowed).
[2020-12-15 19:57:13.912] [info] Checking for update
[2020-12-15 19:57:15.146] [info] Update for version 1.0.4 is not available (latest version: 1.0.4, downgrade is disallowed).
[2020-12-15 23:20:56.209] [info] Checking for update
[2020-12-15 23:20:57.781] [info] Update for version 1.0.4 is not available (latest version: 1.0.4, downgrade is disallowed).
[2020-12-16 18:41:36.223] [info] Checking for update
[2020-12-16 18:41:51.120] [info] Update for version 1.0.4 is not available (latest version: 1.0.4, downgrade is disallowed).
[2020-12-16 21:00:06.726] [info] Checking for update
[2020-12-16 21:00:08.044] [info] Update for version 1.0.4 is not available (latest version: 1.0.4, downgrade is disallowed).
[2020-12-17 05:25:46.132] [info] Checking for update
[2020-12-17 05:25:48.636] [info] Update for version 1.0.4 is not available (latest version: 1.0.4, downgrade is disallowed).
[2020-12-17 05:35:46.985] [info] Checking for update
[2020-12-17 05:35:48.261] [info] Update for version 1.0.4 is not available (latest version: 1.0.4, downgrade is disallowed).
[2020-12-20 17:57:49.461] [info] Checking for update
[2020-12-20 17:57:54.578] [info] Update for version 1.0.4 is not available (latest version: 1.0.4, downgrade is disallowed).
[2020-12-20 18:11:14.455] [info] Checking for update
[2020-12-20 18:11:15.942] [info] Update for version 1.0.4 is not available (latest version: 1.0.4, downgrade is disallowed).
[2020-12-20 20:29:21.534] [info] Checking for update
[2020-12-20 20:29:22.685] [info] Update for version 1.0.4 is not available (latest version: 1.0.4, downgrade is disallowed).
[2020-12-20 20:30:07.827] [info] Checking for update
[2020-12-20 20:30:09.009] [info] Update for version 1.0.4 is not available (latest version: 1.0.4, downgrade is disallowed).
[2020-12-22 06:10:42.424] [info] Checking for update
[2020-12-22 06:10:44.212] [info] Update for version 1.0.4 is not available (latest version: 1.0.4, downgrade is disallowed).
[2020-12-22 06:50:11.568] [info] Checking for update
[2020-12-22 06:50:12.716] [info] Update for version 1.0.4 is not available (latest version: 1.0.4, downgrade is disallowed).
[2020-12-22 07:28:31.118] [info] Checking for update
[2020-12-22 07:28:32.296] [info] Update for version 1.0.4 is not available (latest version: 1.0.4, downgrade is disallowed).
[2020-12-22 07:36:57.484] [info] Checking for update
[2020-12-22 07:36:58.676] [info] Update for version 1.0.4 is not available (latest version: 1.0.4, downgrade is disallowed).
[2020-12-22 08:12:34.735] [info] Checking for update
[2020-12-22 08:12:35.889] [info] Update for version 1.0.4 is not available (latest version: 1.0.4, downgrade is disallowed).
[2020-12-22 09:16:58.171] [info] Checking for update
[2020-12-22 09:16:59.322] [info] Update for version 1.0.4 is not available (latest version: 1.0.4, downgrade is disallowed).
[2020-12-22 09:19:19.470] [info] Checking for update
[2020-12-22 09:19:20.904] [info] Update for version 1.0.4 is not available (latest version: 1.0.4, downgrade is disallowed).
[2020-12-22 09:23:16.179] [info] Checking for update
[2020-12-22 09:23:17.324] [info] Update for version 1.0.4 is not available (latest version: 1.0.4, downgrade is disallowed).
[2020-12-22 09:24:29.563] [info] Checking for update
[2020-12-22 09:24:30.715] [info] Update for version 1.0.4 is not available (latest version: 1.0.4, downgrade is disallowed).
[2020-12-22 09:25:10.497] [info] Checking for update
[2020-12-22 09:25:11.646] [info] Update for version 1.0.4 is not available (latest version: 1.0.4, downgrade is disallowed).
[2020-12-22 09:25:23.485] [info] Checking for update
[2020-12-22 09:25:24.618] [info] Update for version 1.0.4 is not available (latest version: 1.0.4, downgrade is disallowed).
[2020-12-23 00:19:40.337] [info] Checking for update
[2020-12-23 00:19:42.134] [info] Update for version 1.0.4 is not available (latest version: 1.0.4, downgrade is disallowed).
[2020-12-23 11:36:55.323] [info] Checking for update
[2020-12-23 11:36:57.028] [info] Update for version 1.0.4 is not available (latest version: 1.0.4, downgrade is disallowed).
[2020-12-23 12:13:54.420] [info] Checking for update
[2020-12-23 12:13:55.591] [info] Update for version 1.0.4 is not available (latest version: 1.0.4, downgrade is disallowed).
[2020-12-26 23:22:22.576] [info] Checking for update
[2020-12-26 23:22:24.805] [info] Update for version 1.0.4 is not available (latest version: 1.0.4, downgrade is disallowed).
[2020-12-28 16:19:32.329] [info] Checking for update
[2020-12-28 16:19:33.867] [info] Update for version 1.0.4 is not available (latest version: 1.0.4, downgrade is disallowed).
[2020-12-28 16:28:05.281] [info] Checking for update
[2020-12-28 16:28:06.427] [info] Update for version 1.0.4 is not available (latest version: 1.0.4, downgrade is disallowed).
[2020-12-28 16:53:25.406] [info] Checking for update
[2020-12-28 16:53:26.545] [info] Update for version 1.0.4 is not available (latest version: 1.0.4, downgrade is disallowed).
[2020-12-28 16:54:57.618] [info] Checking for update
[2020-12-28 16:54:58.762] [info] Update for version 1.0.4 is not available (latest version: 1.0.4, downgrade is disallowed).
[2020-12-29 15:40:12.032] [info] Checking for update
[2020-12-29 15:40:13.843] [info] Update for version 1.0.4 is not available (latest version: 1.0.4, downgrade is disallowed).
[2020-12-29 21:18:14.949] [info] Checking for update
[2020-12-29 21:18:16.233] [info] Update for version 1.0.4 is not available (latest version: 1.0.4, downgrade is disallowed).
[2020-12-29 22:26:01.345] [info] Checking for update
[2020-12-29 22:26:02.541] [info] Update for version 1.0.4 is not available (latest version: 1.0.4, downgrade is disallowed).
[2020-12-30 04:03:05.401] [info] Checking for update
[2020-12-30 04:03:07.282] [info] Update for version 1.0.4 is not available (latest version: 1.0.4, downgrade is disallowed).
[2020-12-30 04:26:42.694] [info] Checking for update
[2020-12-30 04:26:42.845] [info] Update for version 1.0.4 is not available (latest version: 1.0.4, downgrade is disallowed).
[2020-12-30 04:28:14.205] [info] Checking for update
[2020-12-30 04:28:14.371] [info] Update for version 1.0.4 is not available (latest version: 1.0.4, downgrade is disallowed).
[2020-12-30 04:29:17.929] [info] Checking for update
[2020-12-30 04:29:20.025] [error] Error: Error: net::ERR_CONNECTION_REFUSED
    at SimpleURLLoaderWrapper.<anonymous> (electron/js2c/browser_init.js:105:6497)
    at SimpleURLLoaderWrapper.emit (events.js:315:20)
[2020-12-30 04:29:49.479] [info] Checking for update
[2020-12-30 04:29:51.575] [error] Error: Error: net::ERR_CONNECTION_REFUSED
    at SimpleURLLoaderWrapper.<anonymous> (electron/js2c/browser_init.js:105:6497)
    at SimpleURLLoaderWrapper.emit (events.js:315:20)
[2020-12-30 04:30:29.403] [info] Checking for update
[2020-12-30 04:30:31.495] [error] Error: Error: net::ERR_CONNECTION_REFUSED
    at SimpleURLLoaderWrapper.<anonymous> (electron/js2c/browser_init.js:105:6497)
    at SimpleURLLoaderWrapper.emit (events.js:315:20)
[2020-12-30 04:49:59.040] [info] Checking for update
[2020-12-30 04:49:59.254] [info] Update for version 1.0.4 is not available (latest version: 1.0.4, downgrade is disallowed).
[2021-01-01 20:27:52.717] [info] Checking for update
[2021-01-01 20:27:56.307] [info] Update for version 1.0.4 is not available (latest version: 1.0.4, downgrade is disallowed).
[2021-01-01 21:15:33.725] [info] Checking for update
[2021-01-01 21:15:34.886] [info] Update for version 1.0.4 is not available (latest version: 1.0.4, downgrade is disallowed).
[2021-01-02 04:44:04.588] [info] Checking for update
[2021-01-02 04:44:06.267] [info] Update for version 1.0.4 is not available (latest version: 1.0.4, downgrade is disallowed).
[2021-01-02 05:41:16.528] [info] Checking for update
[2021-01-02 05:41:17.733] [info] Update for version 1.0.4 is not available (latest version: 1.0.4, downgrade is disallowed).
[2021-01-02 05:41:52.965] [info] Checking for update
[2021-01-02 05:41:54.113] [info] Update for version 1.0.4 is not available (latest version: 1.0.4, downgrade is disallowed).
[2021-01-02 05:59:40.107] [info] Checking for update
[2021-01-02 05:59:41.269] [info] Update for version 1.0.4 is not available (latest version: 1.0.4, downgrade is disallowed).
[2021-01-02 06:03:30.521] [info] Checking for update
[2021-01-02 06:03:31.661] [info] Update for version 1.0.4 is not available (latest version: 1.0.4, downgrade is disallowed).
[2021-01-02 06:15:41.827] [info] Checking for update
[2021-01-02 06:15:42.988] [info] Update for version 1.0.4 is not available (latest version: 1.0.4, downgrade is disallowed).
[2021-01-03 04:30:24.412] [info] Checking for update
[2021-01-03 04:30:26.531] [info] Update for version 1.0.4 is not available (latest version: 1.0.4, downgrade is disallowed).
[2021-01-04 22:12:34.520] [info] Checking for update
[2021-01-04 22:12:38.034] [info] Update for version 1.0.4 is not available (latest version: 1.0.4, downgrade is disallowed).
[2021-01-05 01:03:13.961] [info] Checking for update
[2021-01-05 01:03:16.712] [info] Update for version 1.0.4 is not available (latest version: 1.0.4, downgrade is disallowed).
[2021-01-05 01:09:33.234] [info] Checking for update
[2021-01-05 01:09:34.416] [info] Update for version 1.0.4 is not available (latest version: 1.0.4, downgrade is disallowed).
[2021-01-05 05:04:04.618] [info] Checking for update
[2021-01-05 05:04:08.781] [info] Update for version 1.0.4 is not available (latest version: 1.0.4, downgrade is disallowed).
[2021-01-05 05:07:28.853] [info] Checking for update
[2021-01-05 05:07:30.069] [info] Update for version 1.0.4 is not available (latest version: 1.0.4, downgrade is disallowed).
[2021-01-05 21:37:21.194] [info] Checking for update
[2021-01-05 21:37:30.947] [info] Update for version 1.0.4 is not available (latest version: 1.0.4, downgrade is disallowed).
[2021-01-06 01:35:24.009] [info] Checking for update
[2021-01-06 01:35:25.167] [info] Update for version 1.0.4 is not available (latest version: 1.0.4, downgrade is disallowed).
[2021-01-06 15:03:36.934] [info] Checking for update
[2021-01-06 15:03:45.415] [info] Update for version 1.0.4 is not available (latest version: 1.0.4, downgrade is disallowed).
[2021-01-10 13:24:11.667] [info] Checking for update
[2021-01-10 13:24:14.963] [info] Generated new staging user ID: 9339a28e-8d7e-5b74-b7d0-381835daf2d5
[2021-01-10 13:24:38.321] [error] Error: Error: net::ERR_CONNECTION_TIMED_OUT
    at SimpleURLLoaderWrapper.<anonymous> (electron/js2c/browser_init.js:105:6497)
    at SimpleURLLoaderWrapper.emit (events.js:315:20)
[2021-01-10 14:02:47.786] [info] Checking for update
[2021-01-10 14:03:11.473] [error] Error: Error: net::ERR_CONNECTION_TIMED_OUT
    at SimpleURLLoaderWrapper.<anonymous> (electron/js2c/browser_init.js:105:6497)
    at SimpleURLLoaderWrapper.emit (events.js:315:20)
[2021-01-10 14:27:27.925] [info] Checking for update
[2021-01-10 14:27:50.892] [error] Error: Error: net::ERR_CONNECTION_TIMED_OUT
    at SimpleURLLoaderWrapper.<anonymous> (electron/js2c/browser_init.js:105:6497)
    at SimpleURLLoaderWrapper.emit (events.js:315:20)
[2021-01-10 14:32:31.218] [info] Checking for update
[2021-01-10 14:32:53.587] [error] Error: Error: net::ERR_CONNECTION_TIMED_OUT
    at SimpleURLLoaderWrapper.<anonymous> (electron/js2c/browser_init.js:105:6497)
    at SimpleURLLoaderWrapper.emit (events.js:315:20)
[2021-01-10 14:37:48.537] [info] Checking for update
[2021-01-10 14:38:11.245] [error] Error: Error: net::ERR_CONNECTION_TIMED_OUT
    at SimpleURLLoaderWrapper.<anonymous> (electron/js2c/browser_init.js:105:6497)
    at SimpleURLLoaderWrapper.emit (events.js:315:20)
[2021-01-10 17:02:40.188] [info] Checking for update
[2021-01-10 17:03:02.864] [error] Error: Error: net::ERR_CONNECTION_TIMED_OUT
    at SimpleURLLoaderWrapper.<anonymous> (electron/js2c/browser_init.js:105:6497)
    at SimpleURLLoaderWrapper.emit (events.js:315:20)
[2021-01-10 18:23:59.372] [info] Checking for update
[2021-01-10 18:24:21.935] [error] Error: Error: net::ERR_CONNECTION_TIMED_OUT
    at SimpleURLLoaderWrapper.<anonymous> (electron/js2c/browser_init.js:105:6497)
    at SimpleURLLoaderWrapper.emit (events.js:315:20)
[2021-01-10 19:11:31.306] [info] Checking for update
[2021-01-10 19:11:53.989] [error] Error: Error: net::ERR_CONNECTION_TIMED_OUT
    at SimpleURLLoaderWrapper.<anonymous> (electron/js2c/browser_init.js:105:6497)
    at SimpleURLLoaderWrapper.emit (events.js:315:20)
